<?xml version="1.0" encoding="UTF-8"?>
<robot generator="Robot 3.1 (Python 3.7.2 on win32)" generated="20190727 16:25:32.677" rpa="false">
<suite id="s1" name="javaTestData" source="D:\QA projects\RobotAutoTest\javaTestData">
<suite id="s1-s1" name="createData" source="D:\QA projects\RobotAutoTest\javaTestData\createData">
<suite id="s1-s1-s1" name="createTender" source="D:\QA projects\RobotAutoTest\javaTestData\createData\createTender.robot">
<kw name="Run Keyword" library="BuiltIn" type="setup">
<doc>Executes the given keyword with the given arguments.</doc>
<arguments>
<arg>Get Admin Portal Header</arg>
</arguments>
<kw name="Get Admin Portal Header" library="apiSetupPre">
<kw name="Get Token Data" library="token">
<kw name="Get User Account" library="token">
<kw name="Get Api Host Variables" library="APIUrlConfig">
<arguments>
<arg>${env}</arg>
</arguments>
<assign>
<var>${api_url}</var>
</assign>
<msg timestamp="20190727 16:25:33.120" level="INFO">${api_url} = {'HOST': 'https://svcs.us-west-2.dev.aws.nexttrucking.com/bes', 'APP_HOST': 'https://svcs.us-west-2.dev.aws.nexttrucking.com/mobile', 'WEB_HOST': 'https://svcs.us-west-2.dev.aws.nexttrucking.com/bes',...</msg>
<status status="PASS" starttime="20190727 16:25:33.120" endtime="20190727 16:25:33.120"></status>
</kw>
<kw name="Get Admin User Variables" library="adminPortal">
<arguments>
<arg>${env}</arg>
</arguments>
<assign>
<var>${adminPortal_user}</var>
</assign>
<msg timestamp="20190727 16:25:33.121" level="INFO">${adminPortal_user} = {'BACKEND_USERNAME': 'RFtest', 'BACKEND_PASSWORD': '111111'}</msg>
<status status="PASS" starttime="20190727 16:25:33.120" endtime="20190727 16:25:33.121"></status>
</kw>
<kw name="Get Customer User Variables" library="customerPortal">
<arguments>
<arg>${env}</arg>
<arg>default</arg>
</arguments>
<assign>
<var>${customer_user}</var>
</assign>
<msg timestamp="20190727 16:25:33.121" level="INFO">${customer_user} = {'SHIPPER_EMAIL': 'seraabel2017+shipper@gmail.com', 'SHIPPER_PASSWORD': '111111', 'TRUCKER_EMAIL': 'seraabel2017+trucker@gmail.com', 'TRUCKER_PASSWORD': '111111', 'FLEET_EMAIL': 'seraabel2017+fleet@gm...</msg>
<status status="PASS" starttime="20190727 16:25:33.121" endtime="20190727 16:25:33.121"></status>
</kw>
<kw name="Set Variable" library="BuiltIn">
<doc>Returns the given values which can then be assigned to a variables.</doc>
<arguments>
<arg>&amp;{adminPortal_user}[BACKEND_USERNAME]</arg>
</arguments>
<assign>
<var>${BACKEND_USERNAME}</var>
</assign>
<msg timestamp="20190727 16:25:33.122" level="INFO">${BACKEND_USERNAME} = RFtest</msg>
<status status="PASS" starttime="20190727 16:25:33.122" endtime="20190727 16:25:33.122"></status>
</kw>
<kw name="Set Global Variable" library="BuiltIn">
<doc>Makes a variable available globally in all tests and suites.</doc>
<arguments>
<arg>${BACKEND_USERNAME}</arg>
</arguments>
<msg timestamp="20190727 16:25:33.123" level="INFO">${BACKEND_USERNAME} = RFtest</msg>
<status status="PASS" starttime="20190727 16:25:33.122" endtime="20190727 16:25:33.123"></status>
</kw>
<kw name="Set Variable" library="BuiltIn">
<doc>Returns the given values which can then be assigned to a variables.</doc>
<arguments>
<arg>&amp;{adminPortal_user}[BACKEND_PASSWORD]</arg>
</arguments>
<assign>
<var>${BACKEND_PASSWORD}</var>
</assign>
<msg timestamp="20190727 16:25:33.123" level="INFO">${BACKEND_PASSWORD} = 111111</msg>
<status status="PASS" starttime="20190727 16:25:33.123" endtime="20190727 16:25:33.123"></status>
</kw>
<kw name="Set Global Variable" library="BuiltIn">
<doc>Makes a variable available globally in all tests and suites.</doc>
<arguments>
<arg>${BACKEND_PASSWORD}</arg>
</arguments>
<msg timestamp="20190727 16:25:33.124" level="INFO">${BACKEND_PASSWORD} = 111111</msg>
<status status="PASS" starttime="20190727 16:25:33.124" endtime="20190727 16:25:33.124"></status>
</kw>
<kw name="Set Variable" library="BuiltIn">
<doc>Returns the given values which can then be assigned to a variables.</doc>
<arguments>
<arg>&amp;{api_url}[APP_HOST]</arg>
</arguments>
<assign>
<var>${APP_HOST}</var>
</assign>
<msg timestamp="20190727 16:25:33.125" level="INFO">${APP_HOST} = https://svcs.us-west-2.dev.aws.nexttrucking.com/mobile</msg>
<status status="PASS" starttime="20190727 16:25:33.124" endtime="20190727 16:25:33.125"></status>
</kw>
<kw name="Set Global Variable" library="BuiltIn">
<doc>Makes a variable available globally in all tests and suites.</doc>
<arguments>
<arg>${APP_HOST}</arg>
</arguments>
<msg timestamp="20190727 16:25:33.125" level="INFO">${APP_HOST} = https://svcs.us-west-2.dev.aws.nexttrucking.com/mobile</msg>
<status status="PASS" starttime="20190727 16:25:33.125" endtime="20190727 16:25:33.126"></status>
</kw>
<kw name="Set Variable" library="BuiltIn">
<doc>Returns the given values which can then be assigned to a variables.</doc>
<arguments>
<arg>&amp;{api_url}[HOST]</arg>
</arguments>
<assign>
<var>${HOST}</var>
</assign>
<msg timestamp="20190727 16:25:33.126" level="INFO">${HOST} = https://svcs.us-west-2.dev.aws.nexttrucking.com/bes</msg>
<status status="PASS" starttime="20190727 16:25:33.126" endtime="20190727 16:25:33.126"></status>
</kw>
<kw name="Set Global Variable" library="BuiltIn">
<doc>Makes a variable available globally in all tests and suites.</doc>
<arguments>
<arg>${HOST}</arg>
</arguments>
<msg timestamp="20190727 16:25:33.127" level="INFO">${HOST} = https://svcs.us-west-2.dev.aws.nexttrucking.com/bes</msg>
<status status="PASS" starttime="20190727 16:25:33.127" endtime="20190727 16:25:33.127"></status>
</kw>
<kw name="Set Variable" library="BuiltIn">
<doc>Returns the given values which can then be assigned to a variables.</doc>
<arguments>
<arg>&amp;{api_url}[WEB_HOST]</arg>
</arguments>
<assign>
<var>${WEB_HOST}</var>
</assign>
<msg timestamp="20190727 16:25:33.128" level="INFO">${WEB_HOST} = https://svcs.us-west-2.dev.aws.nexttrucking.com/bes</msg>
<status status="PASS" starttime="20190727 16:25:33.127" endtime="20190727 16:25:33.128"></status>
</kw>
<kw name="Set Global Variable" library="BuiltIn">
<doc>Makes a variable available globally in all tests and suites.</doc>
<arguments>
<arg>${WEB_HOST}</arg>
</arguments>
<msg timestamp="20190727 16:25:33.129" level="INFO">${WEB_HOST} = https://svcs.us-west-2.dev.aws.nexttrucking.com/bes</msg>
<status status="PASS" starttime="20190727 16:25:33.128" endtime="20190727 16:25:33.129"></status>
</kw>
<kw name="Set Variable" library="BuiltIn">
<doc>Returns the given values which can then be assigned to a variables.</doc>
<arguments>
<arg>&amp;{api_url}[TRPIS_HOST]</arg>
</arguments>
<assign>
<var>${TRPIS_HOST}</var>
</assign>
<msg timestamp="20190727 16:25:33.129" level="INFO">${TRPIS_HOST} = https://svcs.us-west-2.dev.aws.nexttrucking.com/trips</msg>
<status status="PASS" starttime="20190727 16:25:33.129" endtime="20190727 16:25:33.129"></status>
</kw>
<kw name="Set Global Variable" library="BuiltIn">
<doc>Makes a variable available globally in all tests and suites.</doc>
<arguments>
<arg>${TRPIS_HOST}</arg>
</arguments>
<msg timestamp="20190727 16:25:33.130" level="INFO">${TRPIS_HOST} = https://svcs.us-west-2.dev.aws.nexttrucking.com/trips</msg>
<status status="PASS" starttime="20190727 16:25:33.130" endtime="20190727 16:25:33.130"></status>
</kw>
<kw name="Set Variable" library="BuiltIn">
<doc>Returns the given values which can then be assigned to a variables.</doc>
<arguments>
<arg>&amp;{customer_user}[SHIPPER_EMAIL]</arg>
</arguments>
<assign>
<var>${SHIPPER_EMAIL}</var>
</assign>
<msg timestamp="20190727 16:25:33.131" level="INFO">${SHIPPER_EMAIL} = seraabel2017+shipper@gmail.com</msg>
<status status="PASS" starttime="20190727 16:25:33.130" endtime="20190727 16:25:33.131"></status>
</kw>
<kw name="Set Global Variable" library="BuiltIn">
<doc>Makes a variable available globally in all tests and suites.</doc>
<arguments>
<arg>${SHIPPER_EMAIL}</arg>
</arguments>
<msg timestamp="20190727 16:25:33.131" level="INFO">${SHIPPER_EMAIL} = seraabel2017+shipper@gmail.com</msg>
<status status="PASS" starttime="20190727 16:25:33.131" endtime="20190727 16:25:33.132"></status>
</kw>
<kw name="Set Variable" library="BuiltIn">
<doc>Returns the given values which can then be assigned to a variables.</doc>
<arguments>
<arg>&amp;{customer_user}[SHIPPER_PASSWORD]</arg>
</arguments>
<assign>
<var>${SHIPPER_PASSWORD}</var>
</assign>
<msg timestamp="20190727 16:25:33.132" level="INFO">${SHIPPER_PASSWORD} = 111111</msg>
<status status="PASS" starttime="20190727 16:25:33.132" endtime="20190727 16:25:33.132"></status>
</kw>
<kw name="Set Global Variable" library="BuiltIn">
<doc>Makes a variable available globally in all tests and suites.</doc>
<arguments>
<arg>${SHIPPER_PASSWORD}</arg>
</arguments>
<msg timestamp="20190727 16:25:33.133" level="INFO">${SHIPPER_PASSWORD} = 111111</msg>
<status status="PASS" starttime="20190727 16:25:33.133" endtime="20190727 16:25:33.133"></status>
</kw>
<kw name="Set Variable" library="BuiltIn">
<doc>Returns the given values which can then be assigned to a variables.</doc>
<arguments>
<arg>&amp;{customer_user}[TRUCKER_EMAIL]</arg>
</arguments>
<assign>
<var>${TRUCKER_EMAIL}</var>
</assign>
<msg timestamp="20190727 16:25:33.134" level="INFO">${TRUCKER_EMAIL} = seraabel2017+trucker@gmail.com</msg>
<status status="PASS" starttime="20190727 16:25:33.134" endtime="20190727 16:25:33.134"></status>
</kw>
<kw name="Set Global Variable" library="BuiltIn">
<doc>Makes a variable available globally in all tests and suites.</doc>
<arguments>
<arg>${TRUCKER_EMAIL}</arg>
</arguments>
<msg timestamp="20190727 16:25:33.135" level="INFO">${TRUCKER_EMAIL} = seraabel2017+trucker@gmail.com</msg>
<status status="PASS" starttime="20190727 16:25:33.134" endtime="20190727 16:25:33.135"></status>
</kw>
<kw name="Set Variable" library="BuiltIn">
<doc>Returns the given values which can then be assigned to a variables.</doc>
<arguments>
<arg>&amp;{customer_user}[TRUCKER_PASSWORD]</arg>
</arguments>
<assign>
<var>${TRUCKER_PASSWORD}</var>
</assign>
<msg timestamp="20190727 16:25:33.136" level="INFO">${TRUCKER_PASSWORD} = 111111</msg>
<status status="PASS" starttime="20190727 16:25:33.135" endtime="20190727 16:25:33.136"></status>
</kw>
<kw name="Set Global Variable" library="BuiltIn">
<doc>Makes a variable available globally in all tests and suites.</doc>
<arguments>
<arg>${TRUCKER_PASSWORD}</arg>
</arguments>
<msg timestamp="20190727 16:25:33.137" level="INFO">${TRUCKER_PASSWORD} = 111111</msg>
<status status="PASS" starttime="20190727 16:25:33.137" endtime="20190727 16:25:33.137"></status>
</kw>
<kw name="Set Variable" library="BuiltIn">
<doc>Returns the given values which can then be assigned to a variables.</doc>
<arguments>
<arg>&amp;{customer_user}[FLEET_EMAIL]</arg>
</arguments>
<assign>
<var>${FLEET_EMAIL}</var>
</assign>
<msg timestamp="20190727 16:25:33.138" level="INFO">${FLEET_EMAIL} = seraabel2017+fleet@gmail.com</msg>
<status status="PASS" starttime="20190727 16:25:33.137" endtime="20190727 16:25:33.138"></status>
</kw>
<kw name="Set Global Variable" library="BuiltIn">
<doc>Makes a variable available globally in all tests and suites.</doc>
<arguments>
<arg>${FLEET_EMAIL}</arg>
</arguments>
<msg timestamp="20190727 16:25:33.138" level="INFO">${FLEET_EMAIL} = seraabel2017+fleet@gmail.com</msg>
<status status="PASS" starttime="20190727 16:25:33.138" endtime="20190727 16:25:33.138"></status>
</kw>
<kw name="Set Variable" library="BuiltIn">
<doc>Returns the given values which can then be assigned to a variables.</doc>
<arguments>
<arg>&amp;{customer_user}[FLEET_PASSWORD]</arg>
</arguments>
<assign>
<var>${FLEET_PASSWORD}</var>
</assign>
<msg timestamp="20190727 16:25:33.139" level="INFO">${FLEET_PASSWORD} = 111111</msg>
<status status="PASS" starttime="20190727 16:25:33.139" endtime="20190727 16:25:33.139"></status>
</kw>
<kw name="Set Global Variable" library="BuiltIn">
<doc>Makes a variable available globally in all tests and suites.</doc>
<arguments>
<arg>${FLEET_PASSWORD}</arg>
</arguments>
<msg timestamp="20190727 16:25:33.140" level="INFO">${FLEET_PASSWORD} = 111111</msg>
<status status="PASS" starttime="20190727 16:25:33.139" endtime="20190727 16:25:33.140"></status>
</kw>
<kw name="Set Variable" library="BuiltIn">
<doc>Returns the given values which can then be assigned to a variables.</doc>
<arguments>
<arg>&amp;{customer_user}[DRIVER_EMAIL]</arg>
</arguments>
<assign>
<var>${DRIVER_EMAIL}</var>
</assign>
<msg timestamp="20190727 16:25:33.140" level="INFO">${DRIVER_EMAIL} = seraabel2017+driver@gmail.com</msg>
<status status="PASS" starttime="20190727 16:25:33.140" endtime="20190727 16:25:33.141"></status>
</kw>
<kw name="Set Global Variable" library="BuiltIn">
<doc>Makes a variable available globally in all tests and suites.</doc>
<arguments>
<arg>${DRIVER_EMAIL}</arg>
</arguments>
<msg timestamp="20190727 16:25:33.141" level="INFO">${DRIVER_EMAIL} = seraabel2017+driver@gmail.com</msg>
<status status="PASS" starttime="20190727 16:25:33.141" endtime="20190727 16:25:33.141"></status>
</kw>
<kw name="Set Variable" library="BuiltIn">
<doc>Returns the given values which can then be assigned to a variables.</doc>
<arguments>
<arg>&amp;{customer_user}[DRIVER_PASSWORD]</arg>
</arguments>
<assign>
<var>${DRIVER_PASSWORD}</var>
</assign>
<msg timestamp="20190727 16:25:33.142" level="INFO">${DRIVER_PASSWORD} = 111111</msg>
<status status="PASS" starttime="20190727 16:25:33.142" endtime="20190727 16:25:33.142"></status>
</kw>
<kw name="Set Global Variable" library="BuiltIn">
<doc>Makes a variable available globally in all tests and suites.</doc>
<arguments>
<arg>${DRIVER_PASSWORD}</arg>
</arguments>
<msg timestamp="20190727 16:25:33.143" level="INFO">${DRIVER_PASSWORD} = 111111</msg>
<status status="PASS" starttime="20190727 16:25:33.142" endtime="20190727 16:25:33.143"></status>
</kw>
<status status="PASS" starttime="20190727 16:25:33.119" endtime="20190727 16:25:33.143"></status>
</kw>
<kw name="Valid Token Data" library="backendTokenData">
<arguments>
<arg>${BACKEND_USERNAME}</arg>
<arg>${BACKEND_PASSWORD}</arg>
</arguments>
<assign>
<var>${BACKEND_TOKEN_DATA}</var>
</assign>
<msg timestamp="20190727 16:25:33.143" level="INFO">${BACKEND_TOKEN_DATA} = {'username': 'RFtest', 'password': '111111', 'grant_type': 'password', 'scope': 'read write', 'client_secret': 'mySecretOAuthSecret', 'client_id': 'wiztruckapp', 'User-Type': 'backend', 'User-Email': ...</msg>
<status status="PASS" starttime="20190727 16:25:33.143" endtime="20190727 16:25:33.143"></status>
</kw>
<kw name="Set Global Variable" library="BuiltIn">
<doc>Makes a variable available globally in all tests and suites.</doc>
<arguments>
<arg>${BACKEND_TOKEN_DATA}</arg>
</arguments>
<msg timestamp="20190727 16:25:33.144" level="INFO">${BACKEND_TOKEN_DATA} = {'username': 'RFtest', 'password': '111111', 'grant_type': 'password', 'scope': 'read write', 'client_secret': 'mySecretOAuthSecret', 'client_id': 'wiztruckapp', 'User-Type': 'backend', 'User-Email': ...</msg>
<status status="PASS" starttime="20190727 16:25:33.144" endtime="20190727 16:25:33.144"></status>
</kw>
<kw name="Shipper Valid Token Data" library="webTokenData">
<arguments>
<arg>${SHIPPER_EMAIL}</arg>
<arg>${SHIPPER_PASSWORD}</arg>
</arguments>
<assign>
<var>${WEB_SHIPPER_TOKEN_DATA}</var>
</assign>
<msg timestamp="20190727 16:25:33.145" level="INFO">${WEB_SHIPPER_TOKEN_DATA} = {'username': 'seraabel2017+shipper@gmail.com', 'password': '111111', 'grant_type': 'password', 'scope': 'read write', 'client_secret': 'mySecretOAuthSecret', 'client_id': 'wiztruckapp', 'User-Email': ...</msg>
<status status="PASS" starttime="20190727 16:25:33.144" endtime="20190727 16:25:33.145"></status>
</kw>
<kw name="Set Global Variable" library="BuiltIn">
<doc>Makes a variable available globally in all tests and suites.</doc>
<arguments>
<arg>${WEB_SHIPPER_TOKEN_DATA}</arg>
</arguments>
<msg timestamp="20190727 16:25:33.145" level="INFO">${WEB_SHIPPER_TOKEN_DATA} = {'username': 'seraabel2017+shipper@gmail.com', 'password': '111111', 'grant_type': 'password', 'scope': 'read write', 'client_secret': 'mySecretOAuthSecret', 'client_id': 'wiztruckapp', 'User-Email': ...</msg>
<status status="PASS" starttime="20190727 16:25:33.145" endtime="20190727 16:25:33.146"></status>
</kw>
<kw name="Trucker Valid Token Data" library="webTokenData">
<arguments>
<arg>${TRUCKER_EMAIL}</arg>
<arg>${TRUCKER__PASSWORD}</arg>
</arguments>
<assign>
<var>${WEB_TRUCKER_TOKEN_DATA}</var>
</assign>
<msg timestamp="20190727 16:25:33.146" level="INFO">${WEB_TRUCKER_TOKEN_DATA} = {'username': 'seraabel2017+trucker@gmail.com', 'password': '111111', 'grant_type': 'password', 'scope': 'read write', 'client_secret': 'mySecretOAuthSecret', 'client_id': 'wiztruckapp', 'User-Email': ...</msg>
<status status="PASS" starttime="20190727 16:25:33.146" endtime="20190727 16:25:33.146"></status>
</kw>
<kw name="Set Global Variable" library="BuiltIn">
<doc>Makes a variable available globally in all tests and suites.</doc>
<arguments>
<arg>${WEB_TRUCKER_TOKEN_DATA}</arg>
</arguments>
<msg timestamp="20190727 16:25:33.147" level="INFO">${WEB_TRUCKER_TOKEN_DATA} = {'username': 'seraabel2017+trucker@gmail.com', 'password': '111111', 'grant_type': 'password', 'scope': 'read write', 'client_secret': 'mySecretOAuthSecret', 'client_id': 'wiztruckapp', 'User-Email': ...</msg>
<status status="PASS" starttime="20190727 16:25:33.147" endtime="20190727 16:25:33.147"></status>
</kw>
<kw name="Fleet Valid Token Data" library="webTokenData">
<arguments>
<arg>${FLEET_EMAIL}</arg>
<arg>${FLEET__PASSWORD}</arg>
</arguments>
<assign>
<var>${WEB_FLEET_TOKEN_DATA}</var>
</assign>
<msg timestamp="20190727 16:25:33.148" level="INFO">${WEB_FLEET_TOKEN_DATA} = {'username': 'seraabel2017+fleet@gmail.com', 'password': '111111', 'grant_type': 'password', 'scope': 'read write', 'client_secret': 'mySecretOAuthSecret', 'client_id': 'wiztruckapp', 'User-Email': 's...</msg>
<status status="PASS" starttime="20190727 16:25:33.148" endtime="20190727 16:25:33.148"></status>
</kw>
<kw name="Set Global Variable" library="BuiltIn">
<doc>Makes a variable available globally in all tests and suites.</doc>
<arguments>
<arg>${WEB_FLEET_TOKEN_DATA}</arg>
</arguments>
<msg timestamp="20190727 16:25:33.149" level="INFO">${WEB_FLEET_TOKEN_DATA} = {'username': 'seraabel2017+fleet@gmail.com', 'password': '111111', 'grant_type': 'password', 'scope': 'read write', 'client_secret': 'mySecretOAuthSecret', 'client_id': 'wiztruckapp', 'User-Email': 's...</msg>
<status status="PASS" starttime="20190727 16:25:33.148" endtime="20190727 16:25:33.149"></status>
</kw>
<status status="PASS" starttime="20190727 16:25:33.119" endtime="20190727 16:25:33.149"></status>
</kw>
<kw name="Get Backend Token" library="token">
<doc>Get backend token</doc>
<arguments>
<arg>${BACKEND_TOKEN_DATA}</arg>
</arguments>
<kw name="Backend Header" library="tokenHeader">
<assign>
<var>${header}</var>
</assign>
<msg timestamp="20190727 16:25:33.150" level="INFO">${header} = {'Accept': 'application/json', 'Authorization': 'Basic d2l6dHJ1Y2thcHA6bXlTZWNyZXRPQXV0aFNlY3JldA==', 'Content-Type': 'application/x-www-form-urlencoded', 'User-Agent': 'Mozilla/5.0 (Windows NT 10.0; ...</msg>
<status status="PASS" starttime="20190727 16:25:33.150" endtime="20190727 16:25:33.150"></status>
</kw>
<kw name="Create Session" library="RequestsLibrary">
<doc>Create Session: create a HTTP session to a server</doc>
<arguments>
<arg>backend</arg>
<arg>${HOST}</arg>
<arg>verify=True</arg>
</arguments>
<msg timestamp="20190727 16:25:33.151" level="INFO">Creating Session using : alias=backend, url=https://svcs.us-west-2.dev.aws.nexttrucking.com/bes, headers={},                     cookies=None, auth=None, timeout=None, proxies=None, verify=True,                     debug=0 </msg>
<status status="PASS" starttime="20190727 16:25:33.151" endtime="20190727 16:25:33.151"></status>
</kw>
<kw name="Post Request" library="RequestsLibrary">
<doc>Send a POST request on the session object found using the
given `alias`</doc>
<arguments>
<arg>backend</arg>
<arg>${BACKEND_token_url}</arg>
<arg>data=${data}</arg>
<arg>headers=${header}</arg>
</arguments>
<assign>
<var>${response}</var>
</assign>
<msg timestamp="20190727 16:25:34.836" level="INFO">Post Request using : alias=backend, uri=/oauth/token, data=username=RFtest&amp;password=111111&amp;grant_type=password&amp;scope=read+write&amp;client_secret=mySecretOAuthSecret&amp;client_id=wiztruckapp&amp;User-Type=backend&amp;User-Email=RFtest, headers={'Accept': 'application/json', 'Authorization': 'Basic d2l6dHJ1Y2thcHA6bXlTZWNyZXRPQXV0aFNlY3JldA==', 'Content-Type': 'application/x-www-form-urlencoded', 'User-Agent': 'Mozilla/5.0 (Windows NT 10.0; Win64; x64) AppleWebKit/537.36 (KHTML, like Gecko) Chrome/72.0.3626.121 Safari/537.36'}, files=None, allow_redirects=True </msg>
<msg timestamp="20190727 16:25:34.836" level="INFO">${response} = &lt;Response [200]&gt;</msg>
<status status="PASS" starttime="20190727 16:25:33.152" endtime="20190727 16:25:34.836"></status>
</kw>
<kw name="To Json" library="RequestsLibrary">
<doc>Convert a string to a JSON object</doc>
<arguments>
<arg>${response.content}</arg>
</arguments>
<assign>
<var>${resdata}</var>
</assign>
<msg timestamp="20190727 16:25:34.836" level="INFO">To JSON using : content={"access_token":"a3b0be69-1b83-4d89-bd1a-9f18e453b309","token_type":"bearer","refresh_token":"b7d220e6-14ef-487c-9482-80e5a6786625","expires_in":72106,"scope":"read write","user_id":362} </msg>
<msg timestamp="20190727 16:25:34.836" level="INFO">To JSON using : pretty_print=False </msg>
<msg timestamp="20190727 16:25:34.836" level="INFO">${resdata} = {'access_token': 'a3b0be69-1b83-4d89-bd1a-9f18e453b309', 'token_type': 'bearer', 'refresh_token': 'b7d220e6-14ef-487c-9482-80e5a6786625', 'expires_in': 72106, 'scope': 'read write', 'user_id': 362}</msg>
<status status="PASS" starttime="20190727 16:25:34.836" endtime="20190727 16:25:34.836"></status>
</kw>
<kw name="Get From Dictionary" library="Collections">
<doc>Returns a value from the given ``dictionary`` based on the given ``key``.</doc>
<arguments>
<arg>${resdata}</arg>
<arg>access_token</arg>
</arguments>
<assign>
<var>${BACKEND_TOKEN}</var>
</assign>
<msg timestamp="20190727 16:25:34.836" level="INFO">${BACKEND_TOKEN} = a3b0be69-1b83-4d89-bd1a-9f18e453b309</msg>
<status status="PASS" starttime="20190727 16:25:34.836" endtime="20190727 16:25:34.836"></status>
</kw>
<kw name="Get From Dictionary" library="Collections">
<doc>Returns a value from the given ``dictionary`` based on the given ``key``.</doc>
<arguments>
<arg>${resdata}</arg>
<arg>user_id</arg>
</arguments>
<assign>
<var>${BACKEND_USERID}</var>
</assign>
<msg timestamp="20190727 16:25:34.836" level="INFO">${BACKEND_USERID} = 362</msg>
<status status="PASS" starttime="20190727 16:25:34.836" endtime="20190727 16:25:34.836"></status>
</kw>
<kw name="Set Global Variable" library="BuiltIn">
<doc>Makes a variable available globally in all tests and suites.</doc>
<arguments>
<arg>${BACKEND_TOKEN}</arg>
</arguments>
<msg timestamp="20190727 16:25:34.852" level="INFO">${BACKEND_TOKEN} = a3b0be69-1b83-4d89-bd1a-9f18e453b309</msg>
<status status="PASS" starttime="20190727 16:25:34.852" endtime="20190727 16:25:34.852"></status>
</kw>
<kw name="Set Global Variable" library="BuiltIn">
<doc>Makes a variable available globally in all tests and suites.</doc>
<arguments>
<arg>${BACKEND_USERID}</arg>
</arguments>
<msg timestamp="20190727 16:25:34.852" level="INFO">${BACKEND_USERID} = 362</msg>
<status status="PASS" starttime="20190727 16:25:34.852" endtime="20190727 16:25:34.852"></status>
</kw>
<kw name="Set Global Variable" library="BuiltIn">
<doc>Makes a variable available globally in all tests and suites.</doc>
<arguments>
<arg>${RESPONSE}</arg>
</arguments>
<msg timestamp="20190727 16:25:34.852" level="INFO">${RESPONSE} = &lt;Response [200]&gt;</msg>
<status status="PASS" starttime="20190727 16:25:34.852" endtime="20190727 16:25:34.852"></status>
</kw>
<kw name="Should Be Equal As Strings" library="BuiltIn">
<doc>Fails if objects are unequal after converting them to strings.</doc>
<arguments>
<arg>${response.status_code}</arg>
<arg>200</arg>
</arguments>
<msg timestamp="20190727 16:25:34.852" level="INFO">Argument types are:
&lt;class 'int'&gt;
&lt;type 'unicode'&gt;</msg>
<status status="PASS" starttime="20190727 16:25:34.852" endtime="20190727 16:25:34.852"></status>
</kw>
<kw name="Dictionary Should Contain Value" library="Collections">
<doc>Fails if ``value`` is not found from ``dictionary``.</doc>
<arguments>
<arg>${resdata}</arg>
<arg>${backend_userId}</arg>
</arguments>
<status status="PASS" starttime="20190727 16:25:34.852" endtime="20190727 16:25:34.852"></status>
</kw>
<status status="PASS" starttime="20190727 16:25:33.149" endtime="20190727 16:25:34.852"></status>
</kw>
<kw name="Get Backend Header" library="header">
<arguments>
<arg>${BACKEND_TOKEN}</arg>
</arguments>
<kw name="Create Dictionary" library="BuiltIn">
<doc>Creates and returns a dictionary based on the given ``items``.</doc>
<arguments>
<arg>Authorization=Bearer ${token}</arg>
<arg>Content-Type=${content_type}</arg>
</arguments>
<assign>
<var>${BACKEND_HEADER}</var>
</assign>
<msg timestamp="20190727 16:25:34.868" level="INFO">${BACKEND_HEADER} = {'Authorization': 'Bearer a3b0be69-1b83-4d89-bd1a-9f18e453b309', 'Content-Type': 'application/json;charset=UTF-8'}</msg>
<status status="PASS" starttime="20190727 16:25:34.852" endtime="20190727 16:25:34.868"></status>
</kw>
<kw name="Set Global Variable" library="BuiltIn">
<doc>Makes a variable available globally in all tests and suites.</doc>
<arguments>
<arg>${BACKEND_HEADER}</arg>
</arguments>
<msg timestamp="20190727 16:25:34.868" level="INFO">${BACKEND_HEADER} = {'Authorization': 'Bearer a3b0be69-1b83-4d89-bd1a-9f18e453b309', 'Content-Type': 'application/json;charset=UTF-8'}</msg>
<status status="PASS" starttime="20190727 16:25:34.868" endtime="20190727 16:25:34.868"></status>
</kw>
<status status="PASS" starttime="20190727 16:25:34.852" endtime="20190727 16:25:34.868"></status>
</kw>
<status status="PASS" starttime="20190727 16:25:33.118" endtime="20190727 16:25:34.868"></status>
</kw>
<status status="PASS" starttime="20190727 16:25:33.118" endtime="20190727 16:25:34.868"></status>
</kw>
<test id="s1-s1-s1-t1" name="Create Tender That The Status Is InPool">
<kw name="${index} IN RANGE [ 3 ]" type="for">
<kw name="${index} = 0" type="foritem">
<kw name="Create Tender" library="tender">
<assign>
<var>${tender_id}</var>
</assign>
<kw name="Create Session" library="RequestsLibrary">
<doc>Create Session: create a HTTP session to a server</doc>
<arguments>
<arg>testing</arg>
<arg>${HOST}</arg>
<arg>verify=True</arg>
</arguments>
<msg timestamp="20190727 16:25:34.868" level="INFO">Creating Session using : alias=testing, url=https://svcs.us-west-2.dev.aws.nexttrucking.com/bes, headers={},                     cookies=None, auth=None, timeout=None, proxies=None, verify=True,                     debug=0 </msg>
<status status="PASS" starttime="20190727 16:25:34.868" endtime="20190727 16:25:34.868"></status>
</kw>
<kw name="Get Now Stamp" library="timeFormat">
<assign>
<var>${time}</var>
</assign>
<msg timestamp="20190727 16:25:34.868" level="INFO">${time} = 1564215934868</msg>
<status status="PASS" starttime="20190727 16:25:34.868" endtime="20190727 16:25:34.868"></status>
</kw>
<kw name="Url Quote" library="quote">
<arguments>
<arg>${SHIPPER_EMAIL}</arg>
</arguments>
<assign>
<var>${shipper_search}</var>
</assign>
<msg timestamp="20190727 16:25:34.868" level="INFO">${shipper_search} = seraabel2017%2Bshipper%40gmail.com</msg>
<status status="PASS" starttime="20190727 16:25:34.868" endtime="20190727 16:25:34.868"></status>
</kw>
<kw name="Get Request" library="RequestsLibrary">
<doc>Send a GET request on the session object found using the
given `alias`</doc>
<arguments>
<arg>testing</arg>
<arg>${BACKEND_findShippers_url}cacheBuster=${time}&amp;department=0&amp;departmentCopy=2&amp;departmentCopyTwo=&amp;key=email&amp;keywords=${shipper_search}</arg>
<arg>headers=${BACKEND_HEADER}</arg>
</arguments>
<assign>
<var>${response}</var>
</assign>
<msg timestamp="20190727 16:25:36.040" level="INFO">Get Request using : alias=testing, uri=/api/job/findshippers?cacheBuster=1564215934868&amp;department=0&amp;departmentCopy=2&amp;departmentCopyTwo=&amp;key=email&amp;keywords=seraabel2017%2Bshipper%40gmail.com, headers={'Authorization': 'Bearer a3b0be69-1b83-4d89-bd1a-9f18e453b309', 'Content-Type': 'application/json;charset=UTF-8'} json=None</msg>
<msg timestamp="20190727 16:25:36.040" level="INFO">${response} = &lt;Response [200]&gt;</msg>
<status status="PASS" starttime="20190727 16:25:34.868" endtime="20190727 16:25:36.040"></status>
</kw>
<kw name="To Json" library="RequestsLibrary">
<doc>Convert a string to a JSON object</doc>
<arguments>
<arg>${response.content}</arg>
</arguments>
<assign>
<var>${resdata}</var>
</assign>
<msg timestamp="20190727 16:25:36.055" level="INFO">To JSON using : content=[{"createdBy":"alice","createdDate":1555465828000,"lastModifiedDate":1564168044000,"id":80,"companyName":"next","shipperNumber":"U0000228","phone":"5352352352","settings":"{\"phoneNumber\":[\"5352352352\"],\"jobAccepted\":true,\"arrivePickupLocation\":true,\"shipmentPickedUp\":true,\"arrivedDropOffLocation\":true,\"jobComplete\":true,\"email\":\"seraabel2017+shipper@gmail.com\",\"emailList\":[\"seraabel2017+shipper@gmail.com\"],\"shipperMessageSetting\":{\"shipmentAccept\":false,\"shipmentPickedUp\":false,\"shipmentDelivered\":false,\"shipmentCompleted\":false},\"shipperEmailSetting\":{\"shipmentAccept\":false,\"shipmentPickedUp\":false,\"shipmentDelivered\":false,\"shipmentCompleted\":false}}","status":"approved","inviteCode":"1555465827741","inviteUrl":"http://dev.nexttrucking.com/register/user?invite=1555465827741","averageRate":null,"needPayment":false,"approvedBy":"amy","isBroker":false,"isEnterprise":false,"salesREP":"Max","approveChangedDate":1564168044000,"approveChangedBy":"amy","accountHealth":null,"growthPotential":null,"shipperType":20,"nonBillable":false,"freeQuickPay":false,"activated":true,"jobs":65,"shipperLaneRateCount":0,"user":{"createdBy":"alice","createdDate":1555465827000,"lastModifiedDate":1564204376000,"id":418,"encryptedPassword":null,"login":"seraabel2017+shipper@gmail.com","password":"","firstName":"auto","lastName":"shipper","email":"seraabel2017+shipper@gmail.com","phone":"5352352352","activated":true,"firstLogin":false,"del":false,"langKey":"en","note":"","imToken":null,"imAccid":null,"activatedChangedDate":null,"activatedChangedBy":null,"delChangedDate":null,"delChangedBy":null,"smsNotificationSwitch":null,"role":1,"areaCode":"+1","phoneExtension":null,"createNewShipmentSwitch":null,"createNewTenderSwitch":null,"lastLoginDateTime":"2019-07-27T05:12:56Z","lastResponseDateTime":null,"authorities":[{"name":"ROLE_SHIPPER"},{"name":"ROLE_USER"}],"depts":[{"createdBy":"system","createdDate":1527135291000,"lastModifiedDate":1527135291000,"id":4,"name":"Intermodal","delete":false},{"createdBy":"system","createdDate":1527135291000,"lastModifiedDate":1527135291000,"id":2,"name":"LTL","delete":false},{"createdBy":"system","createdDate":1527135291000,"lastModifiedDate":1527135291000,"id":3,"name":"Drayage","delete":false},{"createdBy":"system","createdDate":1527135291000,"lastModifiedDate":1527135291000,"id":1,"name":"FTL","delete":false}],"channel":"","opsTeam":null,"marketplaceView":false,"brokerageView":false,"marketplaceAction":false,"brokerageAction":false,"allowChangeMarketplaceBrokerage":false,"authoritiesString":"ROLE_SHIPPER,ROLE_USER","ownerOperator":false,"fleetDriver":false,"fleet":false,"trucker":false,"shipper":true,"departmentString":"4,2,3,1"},"avatar":{"createdBy":"alice","createdDate":1555465828000,"lastModifiedDate":1555465828000,"id":"5cda37de-739e-46a5-99fc-b068ca544ea7","name":"avatar.jpg","url":"/uploads/20190417/avatar/5cda37de-739e-46a5-99fc-b068ca544ea7.jpg","delFlag":false,"contentType":"image/jpg","s3AddressKey":"uploads/20190417/avatar/5cda37de-739e-46a5-99fc-b068ca544ea7.jpg","s3Address":"https://s3-barry-dev.s3.us-west-1.amazonaws.com/uploads/20190417/avatar/5cda37de-739e-46a5-99fc-b068ca544ea7.jpg","fileStatus":0},"reviewCount":null,"inviteqrcode":{"createdBy":"alice","createdDate":1555465828000,"lastModifiedDate":1555465828000,"id":"cb76843a-bdec-409e-8926-11a0b97983b0","name":"cb76843a-bdec-409e-8926-11a0b97983b0.jpg","url":"/uploads/20190417/qrcode/cb76843a-bdec-409e-8926-11a0b97983b0.jpg","delFlag":false,"contentType":"image/jpg","s3AddressKey":null,"s3Address":null,"fileStatus":0},"newInviteQRCodeId":"cb76843a-bdec-409e-8926-11a0b97983b0","credit":null,"shipmentStatusEmailSwitch":false,"shipmentStatusSMSSwitch":false,"isVip":null,"accountManager":"RFtest","vertical":2,"idcDedicated":false}] </msg>
<msg timestamp="20190727 16:25:36.055" level="INFO">To JSON using : pretty_print=False </msg>
<msg timestamp="20190727 16:25:36.055" level="INFO">${resdata} = [{'createdBy': 'alice', 'createdDate': 1555465828000, 'lastModifiedDate': 1564168044000, 'id': 80, 'companyName': 'next', 'shipperNumber': 'U0000228', 'phone': '5352352352', 'settings': '{"phoneNumber...</msg>
<status status="PASS" starttime="20190727 16:25:36.055" endtime="20190727 16:25:36.055"></status>
</kw>
<kw name="Set Variable" library="BuiltIn">
<doc>Returns the given values which can then be assigned to a variables.</doc>
<arguments>
<arg>${resdata[0]}</arg>
</arguments>
<assign>
<var>${SHIPPER}</var>
</assign>
<msg timestamp="20190727 16:25:36.055" level="INFO">${SHIPPER} = {'createdBy': 'alice', 'createdDate': 1555465828000, 'lastModifiedDate': 1564168044000, 'id': 80, 'companyName': 'next', 'shipperNumber': 'U0000228', 'phone': '5352352352', 'settings': '{"phoneNumber"...</msg>
<status status="PASS" starttime="20190727 16:25:36.055" endtime="20190727 16:25:36.055"></status>
</kw>
<kw name="Evaluate" library="BuiltIn">
<doc>Evaluates the given expression in Python and returns the results.</doc>
<arguments>
<arg>int(2)</arg>
</arguments>
<assign>
<var>${count1}</var>
</assign>
<msg timestamp="20190727 16:25:36.055" level="INFO">${count1} = 2</msg>
<status status="PASS" starttime="20190727 16:25:36.055" endtime="20190727 16:25:36.055"></status>
</kw>
<kw name="Set Date" library="timeFormat">
<arguments>
<arg>${count1}</arg>
</arguments>
<assign>
<var>${pick_up_date}</var>
</assign>
<msg timestamp="20190727 16:25:36.055" level="INFO">${pick_up_date} = 07/29/2019</msg>
<status status="PASS" starttime="20190727 16:25:36.055" endtime="20190727 16:25:36.055"></status>
</kw>
<kw name="Evaluate" library="BuiltIn">
<doc>Evaluates the given expression in Python and returns the results.</doc>
<arguments>
<arg>int(4)</arg>
</arguments>
<assign>
<var>${count2}</var>
</assign>
<msg timestamp="20190727 16:25:36.055" level="INFO">${count2} = 4</msg>
<status status="PASS" starttime="20190727 16:25:36.055" endtime="20190727 16:25:36.055"></status>
</kw>
<kw name="Set Date" library="timeFormat">
<arguments>
<arg>${count2}</arg>
</arguments>
<assign>
<var>${delivered_date}</var>
</assign>
<msg timestamp="20190727 16:25:36.055" level="INFO">${delivered_date} = 07/31/2019</msg>
<status status="PASS" starttime="20190727 16:25:36.055" endtime="20190727 16:25:36.055"></status>
</kw>
<kw name="Evaluate" library="BuiltIn">
<doc>Evaluates the given expression in Python and returns the results.</doc>
<arguments>
<arg>random.randint(10000000,99999999)</arg>
<arg>random</arg>
</arguments>
<assign>
<var>${tenderId}</var>
</assign>
<msg timestamp="20190727 16:25:36.071" level="INFO">${tenderId} = 79747030</msg>
<status status="PASS" starttime="20190727 16:25:36.071" endtime="20190727 16:25:36.071"></status>
</kw>
<kw name="Valid Create Tender" library="createTenderData">
<arguments>
<arg>${SHIPPER}</arg>
<arg>${pick_up_date}</arg>
<arg>${delivered_date}</arg>
<arg>${tenderId}</arg>
</arguments>
<assign>
<var>${data}</var>
</assign>
<msg timestamp="20190727 16:25:36.071" level="INFO">${data} = {"goodsType": "dryvan", "value": 100000, "weight": null, "pickupTimeStart": "08:00", "pickupTimeEnd": "17:00", "deliveryTimeStart": "08:00", "deliveryTimeEnd": "17:00", "origin": {}, "destination": {}...</msg>
<status status="PASS" starttime="20190727 16:25:36.071" endtime="20190727 16:25:36.071"></status>
</kw>
<kw name="Put Request" library="RequestsLibrary">
<doc>Send a PUT request on the session object found using the
given `alias`</doc>
<arguments>
<arg>testing</arg>
<arg>${BACKEND_tenderDrafts_url}cacheBuster=${time}</arg>
<arg>${data}</arg>
<arg>headers=${BACKEND_HEADER}</arg>
</arguments>
<assign>
<var>${response}</var>
</assign>
<msg timestamp="20190727 16:25:41.038" level="INFO">Put Request using : alias=testing, uri=/api/tenderDrafts?cacheBuster=1564215934868, data={"goodsType": "dryvan", "value": 100000, "weight": null, "pickupTimeStart": "08:00", "pickupTimeEnd": "17:00", "deliveryTimeStart": "08:00", "deliveryTimeEnd": "17:00", "origin": {}, "destination": {}, "pickupWindowBolSwitch": true, "deliveryWindowBolSwitch": true, "totalCostType": 1, "isAllInCost": false, "payoutTotalCostType": 1, "payoutIsAllInCost": false, "originAction": "pickup", "destinationAction": "dropoff", "loadContainer": {"containerNumber": "", "containerSize": "", "containerType": "", "tmpNumber": "", "containerState": "", "steamshipLine": "", "chassisNumber": ""}, "isTemplate": false, "tenderId": 79747030, "originSaveSwitch": false, "destinationSaveSwitch": false, "lineHaulTotal": 1600, "fuelSurchargeTotal": 0, "totalRevenueDisplay": 0, "payoutLineHaulTotal": 2000, "payoutFuelSurchargeTotal": 0, "payoutTotalRevenueDisplay": 0, "lineHaulTotalInput": 1600, "department": 1, "nmfcClass": "", "nmfcNumber": "", "boundType": "", "isNextRelay": false, "isRoundTrip": true, "owner": "kayla", "shipper": {"createdBy": "alice", "createdDate": 1555465828000, "lastModifiedDate": 1564168044000, "id": 80, "companyName": "next", "shipperNumber": "U0000228", "phone": "5352352352", "settings": "{\"phoneNumber\":[\"5352352352\"],\"jobAccepted\":true,\"arrivePickupLocation\":true,\"shipmentPickedUp\":true,\"arrivedDropOffLocation\":true,\"jobComplete\":true,\"email\":\"seraabel2017+shipper@gmail.com\",\"emailList\":[\"seraabel2017+shipper@gmail.com\"],\"shipperMessageSetting\":{\"shipmentAccept\":false,\"shipmentPickedUp\":false,\"shipmentDelivered\":false,\"shipmentCompleted\":false},\"shipperEmailSetting\":{\"shipmentAccept\":false,\"shipmentPickedUp\":false,\"shipmentDelivered\":false,\"shipmentCompleted\":false}}", "status": "approved", "inviteCode": "1555465827741", "inviteUrl": "http://dev.nexttrucking.com/register/user?invite=1555465827741", "averageRate": null, "needPayment": false, "approvedBy": "amy", "isBroker": false, "isEnterprise": false, "salesREP": "Max", "approveChangedDate": 1564168044000, "approveChangedBy": "amy", "accountHealth": null, "growthPotential": null, "shipperType": 20, "nonBillable": false, "freeQuickPay": false, "activated": true, "jobs": 65, "shipperLaneRateCount": 0, "user": {"createdBy": "alice", "createdDate": 1555465827000, "lastModifiedDate": 1564204376000, "id": 418, "encryptedPassword": null, "login": "seraabel2017+shipper@gmail.com", "password": "", "firstName": "auto", "lastName": "shipper", "email": "seraabel2017+shipper@gmail.com", "phone": "5352352352", "activated": true, "firstLogin": false, "del": false, "langKey": "en", "note": "", "imToken": null, "imAccid": null, "activatedChangedDate": null, "activatedChangedBy": null, "delChangedDate": null, "delChangedBy": null, "smsNotificationSwitch": null, "role": 1, "areaCode": "+1", "phoneExtension": null, "createNewShipmentSwitch": null, "createNewTenderSwitch": null, "lastLoginDateTime": "2019-07-27T05:12:56Z", "lastResponseDateTime": null, "authorities": [{"name": "ROLE_SHIPPER"}, {"name": "ROLE_USER"}], "depts": [{"createdBy": "system", "createdDate": 1527135291000, "lastModifiedDate": 1527135291000, "id": 4, "name": "Intermodal", "delete": false}, {"createdBy": "system", "createdDate": 1527135291000, "lastModifiedDate": 1527135291000, "id": 2, "name": "LTL", "delete": false}, {"createdBy": "system", "createdDate": 1527135291000, "lastModifiedDate": 1527135291000, "id": 3, "name": "Drayage", "delete": false}, {"createdBy": "system", "createdDate": 1527135291000, "lastModifiedDate": 1527135291000, "id": 1, "name": "FTL", "delete": false}], "channel": "", "opsTeam": null, "marketplaceView": false, "brokerageView": false, "marketplaceAction": false, "brokerageAction": false, "allowChangeMarketplaceBrokerage": false, "authoritiesString": "ROLE_SHIPPER,ROLE_USER", "ownerOperator": false, "fleetDriver": false, "fleet": false, "trucker": false, "shipper": true, "departmentString": "4,2,3,1"}, "avatar": {"createdBy": "alice", "createdDate": 1555465828000, "lastModifiedDate": 1555465828000, "id": "5cda37de-739e-46a5-99fc-b068ca544ea7", "name": "avatar.jpg", "url": "/uploads/20190417/avatar/5cda37de-739e-46a5-99fc-b068ca544ea7.jpg", "delFlag": false, "contentType": "image/jpg", "s3AddressKey": "uploads/20190417/avatar/5cda37de-739e-46a5-99fc-b068ca544ea7.jpg", "s3Address": "https://s3-barry-dev.s3.us-west-1.amazonaws.com/uploads/20190417/avatar/5cda37de-739e-46a5-99fc-b068ca544ea7.jpg", "fileStatus": 0}, "reviewCount": null, "inviteqrcode": {"createdBy": "alice", "createdDate": 1555465828000, "lastModifiedDate": 1555465828000, "id": "cb76843a-bdec-409e-8926-11a0b97983b0", "name": "cb76843a-bdec-409e-8926-11a0b97983b0.jpg", "url": "/uploads/20190417/qrcode/cb76843a-bdec-409e-8926-11a0b97983b0.jpg", "delFlag": false, "contentType": "image/jpg", "s3AddressKey": null, "s3Address": null, "fileStatus": 0}, "newInviteQRCodeId": "cb76843a-bdec-409e-8926-11a0b97983b0", "credit": null, "shipmentStatusEmailSwitch": false, "shipmentStatusSMSSwitch": false, "isVip": null, "accountManager": "RFtest", "vertical": 2, "idcDedicated": false}, "salesman": "Max", "originTimeZone": "America/Los_Angeles", "originLat": 33.8714436, "originLng": -117.52729499999998, "pickupName": "operation", "pickupPhone": "1111111111", "destinationLat": 31.677031, "destinationLng": -98.9816801, "destinationTimeZone": "America/Chicago", "deliveryName": "operation", "deliveryPhone": "1111111111", "pickupDateValue": "07/29/2019", "deliveryDateValue": "07/31/2019", "fuelSurchargeMileage": null, "fuelSurchargePerMileRate": null, "lineHaulPerMileRate": null, "lineHaulMileage": null, "invoiceFormat": 2, "payoutLineHaulTotalInput": 2000, "originAddress": "{\"form.tender.origin.alias\":\"test-origin\",\"form.tender.origin.address1\":\"720 South Temescal Street\",\"form.tender.origin.city\":\"Corona\",\"form.tender.origin.state\":\"CA\",\"form.tender.origin.zipcode\":\"92879\"}", "destinationAddress": "{\"form.tender.destination.alias\":\"destion_test\",\"form.tender.destination.address1\":\"2900 Morris Sheppard Drive\",\"form.tender.destination.city\":\"Brownwood\",\"form.tender.destination.state\":\"TX\",\"form.tender.destination.zipcode\":\"76801\"}", "originAddressName": "test-origin 1", "destinationAddressName": "destion_test", "length": null, "width": null, "height": null, "totalCost": 1600, "totalPayout": 2000, "boxAmount": null},                     headers={'Authorization': 'Bearer a3b0be69-1b83-4d89-bd1a-9f18e453b309', 'Content-Type': 'application/json;charset=UTF-8'}, allow_redirects=True </msg>
<msg timestamp="20190727 16:25:41.053" level="INFO">${response} = &lt;Response [201]&gt;</msg>
<status status="PASS" starttime="20190727 16:25:36.071" endtime="20190727 16:25:41.053"></status>
</kw>
<kw name="Set Variable" library="BuiltIn">
<doc>Returns the given values which can then be assigned to a variables.</doc>
<arguments>
<arg>${response.headers}</arg>
</arguments>
<assign>
<var>${header}</var>
</assign>
<msg timestamp="20190727 16:25:41.053" level="INFO">${header} = {'Access-Control-Allow-Credentials': 'true', 'Access-Control-Allow-Headers': 'authorization,user-email,user-type,content-type,user-token', 'Access-Control-Allow-Methods': 'GET, PUT, POST, DELETE, PATC...</msg>
<status status="PASS" starttime="20190727 16:25:41.053" endtime="20190727 16:25:41.053"></status>
</kw>
<kw name="Get From Dictionary" library="Collections">
<doc>Returns a value from the given ``dictionary`` based on the given ``key``.</doc>
<arguments>
<arg>${header}</arg>
<arg>location</arg>
</arguments>
<assign>
<var>${location}</var>
</assign>
<msg timestamp="20190727 16:25:41.053" level="INFO">${location} = /api/tenderDrafts/5328</msg>
<status status="PASS" starttime="20190727 16:25:41.053" endtime="20190727 16:25:41.053"></status>
</kw>
<kw name="Fetch From Right" library="String">
<doc>Returns contents of the ``string`` after the last occurrence of ``marker``.</doc>
<arguments>
<arg>${location}</arg>
<arg>/</arg>
</arguments>
<assign>
<var>${tenderId}</var>
</assign>
<msg timestamp="20190727 16:25:41.053" level="INFO">${tenderId} = 5328</msg>
<status status="PASS" starttime="20190727 16:25:41.053" endtime="20190727 16:25:41.053"></status>
</kw>
<kw name="Should Be Equal As Strings" library="BuiltIn">
<doc>Fails if objects are unequal after converting them to strings.</doc>
<arguments>
<arg>${response.status_code}</arg>
<arg>201</arg>
</arguments>
<msg timestamp="20190727 16:25:41.053" level="INFO">Argument types are:
&lt;class 'int'&gt;
&lt;type 'unicode'&gt;</msg>
<status status="PASS" starttime="20190727 16:25:41.053" endtime="20190727 16:25:41.053"></status>
</kw>
<msg timestamp="20190727 16:25:41.053" level="INFO">${tender_id} = 5328</msg>
<status status="PASS" starttime="20190727 16:25:34.868" endtime="20190727 16:25:41.053"></status>
</kw>
<kw name="Convert To Push Tender" library="changeTenderStatus">
<doc>convert to push tender by tender_id</doc>
<arguments>
<arg>${tender_id}</arg>
</arguments>
<kw name="Get Now Stamp" library="timeFormat">
<assign>
<var>${time}</var>
</assign>
<msg timestamp="20190727 16:25:41.053" level="INFO">${time} = 1564215941053</msg>
<status status="PASS" starttime="20190727 16:25:41.053" endtime="20190727 16:25:41.053"></status>
</kw>
<kw name="Url Quote" library="quote">
<arguments>
<arg>${SHIPPER_EMAIL}</arg>
</arguments>
<assign>
<var>${shipper_search}</var>
</assign>
<msg timestamp="20190727 16:25:41.069" level="INFO">${shipper_search} = seraabel2017%2Bshipper%40gmail.com</msg>
<status status="PASS" starttime="20190727 16:25:41.069" endtime="20190727 16:25:41.069"></status>
</kw>
<kw name="Get Request" library="RequestsLibrary">
<doc>Send a GET request on the session object found using the
given `alias`</doc>
<arguments>
<arg>backend</arg>
<arg>${BACKEND_findShippers_url}cacheBuster=${time}&amp;department=0&amp;departmentCopy=2&amp;departmentCopyTwo=&amp;key=email&amp;keywords=${shipper_search}</arg>
<arg>headers=${BACKEND_HEADER}</arg>
</arguments>
<assign>
<var>${response}</var>
</assign>
<msg timestamp="20190727 16:25:41.382" level="INFO">Get Request using : alias=backend, uri=/api/job/findshippers?cacheBuster=1564215941053&amp;department=0&amp;departmentCopy=2&amp;departmentCopyTwo=&amp;key=email&amp;keywords=seraabel2017%2Bshipper%40gmail.com, headers={'Authorization': 'Bearer a3b0be69-1b83-4d89-bd1a-9f18e453b309', 'Content-Type': 'application/json;charset=UTF-8'} json=None</msg>
<msg timestamp="20190727 16:25:41.382" level="INFO">${response} = &lt;Response [200]&gt;</msg>
<status status="PASS" starttime="20190727 16:25:41.069" endtime="20190727 16:25:41.382"></status>
</kw>
<kw name="To Json" library="RequestsLibrary">
<doc>Convert a string to a JSON object</doc>
<arguments>
<arg>${response.content}</arg>
</arguments>
<assign>
<var>${resdata}</var>
</assign>
<msg timestamp="20190727 16:25:41.382" level="INFO">To JSON using : content=[{"createdBy":"alice","createdDate":1555465828000,"lastModifiedDate":1564168044000,"id":80,"companyName":"next","shipperNumber":"U0000228","phone":"5352352352","settings":"{\"phoneNumber\":[\"5352352352\"],\"jobAccepted\":true,\"arrivePickupLocation\":true,\"shipmentPickedUp\":true,\"arrivedDropOffLocation\":true,\"jobComplete\":true,\"email\":\"seraabel2017+shipper@gmail.com\",\"emailList\":[\"seraabel2017+shipper@gmail.com\"],\"shipperMessageSetting\":{\"shipmentAccept\":false,\"shipmentPickedUp\":false,\"shipmentDelivered\":false,\"shipmentCompleted\":false},\"shipperEmailSetting\":{\"shipmentAccept\":false,\"shipmentPickedUp\":false,\"shipmentDelivered\":false,\"shipmentCompleted\":false}}","status":"approved","inviteCode":"1555465827741","inviteUrl":"http://dev.nexttrucking.com/register/user?invite=1555465827741","averageRate":null,"needPayment":false,"approvedBy":"amy","isBroker":false,"isEnterprise":false,"salesREP":"Max","approveChangedDate":1564168044000,"approveChangedBy":"amy","accountHealth":null,"growthPotential":null,"shipperType":20,"nonBillable":false,"freeQuickPay":false,"activated":true,"jobs":65,"shipperLaneRateCount":0,"user":{"createdBy":"alice","createdDate":1555465827000,"lastModifiedDate":1564204376000,"id":418,"encryptedPassword":null,"login":"seraabel2017+shipper@gmail.com","password":"","firstName":"auto","lastName":"shipper","email":"seraabel2017+shipper@gmail.com","phone":"5352352352","activated":true,"firstLogin":false,"del":false,"langKey":"en","note":"","imToken":null,"imAccid":null,"activatedChangedDate":null,"activatedChangedBy":null,"delChangedDate":null,"delChangedBy":null,"smsNotificationSwitch":null,"role":1,"areaCode":"+1","phoneExtension":null,"createNewShipmentSwitch":null,"createNewTenderSwitch":null,"lastLoginDateTime":"2019-07-27T05:12:56Z","lastResponseDateTime":null,"authorities":[{"name":"ROLE_SHIPPER"},{"name":"ROLE_USER"}],"depts":[{"createdBy":"system","createdDate":1527135291000,"lastModifiedDate":1527135291000,"id":4,"name":"Intermodal","delete":false},{"createdBy":"system","createdDate":1527135291000,"lastModifiedDate":1527135291000,"id":2,"name":"LTL","delete":false},{"createdBy":"system","createdDate":1527135291000,"lastModifiedDate":1527135291000,"id":3,"name":"Drayage","delete":false},{"createdBy":"system","createdDate":1527135291000,"lastModifiedDate":1527135291000,"id":1,"name":"FTL","delete":false}],"channel":"","opsTeam":null,"marketplaceView":false,"brokerageView":false,"marketplaceAction":false,"brokerageAction":false,"allowChangeMarketplaceBrokerage":false,"authoritiesString":"ROLE_SHIPPER,ROLE_USER","ownerOperator":false,"fleetDriver":false,"fleet":false,"trucker":false,"shipper":true,"departmentString":"4,2,3,1"},"avatar":{"createdBy":"alice","createdDate":1555465828000,"lastModifiedDate":1555465828000,"id":"5cda37de-739e-46a5-99fc-b068ca544ea7","name":"avatar.jpg","url":"/uploads/20190417/avatar/5cda37de-739e-46a5-99fc-b068ca544ea7.jpg","delFlag":false,"contentType":"image/jpg","s3AddressKey":"uploads/20190417/avatar/5cda37de-739e-46a5-99fc-b068ca544ea7.jpg","s3Address":"https://s3-barry-dev.s3.us-west-1.amazonaws.com/uploads/20190417/avatar/5cda37de-739e-46a5-99fc-b068ca544ea7.jpg","fileStatus":0},"reviewCount":null,"inviteqrcode":{"createdBy":"alice","createdDate":1555465828000,"lastModifiedDate":1555465828000,"id":"cb76843a-bdec-409e-8926-11a0b97983b0","name":"cb76843a-bdec-409e-8926-11a0b97983b0.jpg","url":"/uploads/20190417/qrcode/cb76843a-bdec-409e-8926-11a0b97983b0.jpg","delFlag":false,"contentType":"image/jpg","s3AddressKey":null,"s3Address":null,"fileStatus":0},"newInviteQRCodeId":"cb76843a-bdec-409e-8926-11a0b97983b0","credit":null,"shipmentStatusEmailSwitch":false,"shipmentStatusSMSSwitch":false,"isVip":null,"accountManager":"RFtest","vertical":2,"idcDedicated":false}] </msg>
<msg timestamp="20190727 16:25:41.382" level="INFO">To JSON using : pretty_print=False </msg>
<msg timestamp="20190727 16:25:41.397" level="INFO">${resdata} = [{'createdBy': 'alice', 'createdDate': 1555465828000, 'lastModifiedDate': 1564168044000, 'id': 80, 'companyName': 'next', 'shipperNumber': 'U0000228', 'phone': '5352352352', 'settings': '{"phoneNumber...</msg>
<status status="PASS" starttime="20190727 16:25:41.382" endtime="20190727 16:25:41.397"></status>
</kw>
<kw name="Set Variable" library="BuiltIn">
<doc>Returns the given values which can then be assigned to a variables.</doc>
<arguments>
<arg>${resdata[0]}</arg>
</arguments>
<assign>
<var>${shipper}</var>
</assign>
<msg timestamp="20190727 16:25:41.397" level="INFO">${shipper} = {'createdBy': 'alice', 'createdDate': 1555465828000, 'lastModifiedDate': 1564168044000, 'id': 80, 'companyName': 'next', 'shipperNumber': 'U0000228', 'phone': '5352352352', 'settings': '{"phoneNumber"...</msg>
<status status="PASS" starttime="20190727 16:25:41.397" endtime="20190727 16:25:41.397"></status>
</kw>
<kw name="Evaluate" library="BuiltIn">
<doc>Evaluates the given expression in Python and returns the results.</doc>
<arguments>
<arg>int(2)</arg>
</arguments>
<assign>
<var>${count1}</var>
</assign>
<msg timestamp="20190727 16:25:41.397" level="INFO">${count1} = 2</msg>
<status status="PASS" starttime="20190727 16:25:41.397" endtime="20190727 16:25:41.397"></status>
</kw>
<kw name="Set Date" library="timeFormat">
<arguments>
<arg>${count1}</arg>
</arguments>
<assign>
<var>${pick_up_date}</var>
</assign>
<msg timestamp="20190727 16:25:41.397" level="INFO">${pick_up_date} = 07/29/2019</msg>
<status status="PASS" starttime="20190727 16:25:41.397" endtime="20190727 16:25:41.397"></status>
</kw>
<kw name="Set Window Datetime Utc" library="timeFormat">
<arguments>
<arg>${count1}</arg>
<arg>08:00:00</arg>
</arguments>
<assign>
<var>${pick_up_date_soft}</var>
</assign>
<msg timestamp="20190727 16:25:41.397" level="INFO">${pick_up_date_soft} = 2019-07-29T08:00:00Z</msg>
<status status="PASS" starttime="20190727 16:25:41.397" endtime="20190727 16:25:41.397"></status>
</kw>
<kw name="Evaluate" library="BuiltIn">
<doc>Evaluates the given expression in Python and returns the results.</doc>
<arguments>
<arg>int(4)</arg>
</arguments>
<assign>
<var>${count2}</var>
</assign>
<msg timestamp="20190727 16:25:41.397" level="INFO">${count2} = 4</msg>
<status status="PASS" starttime="20190727 16:25:41.397" endtime="20190727 16:25:41.397"></status>
</kw>
<kw name="Set Date" library="timeFormat">
<arguments>
<arg>${count2}</arg>
</arguments>
<assign>
<var>${delivered_date}</var>
</assign>
<msg timestamp="20190727 16:25:41.397" level="INFO">${delivered_date} = 07/31/2019</msg>
<status status="PASS" starttime="20190727 16:25:41.397" endtime="20190727 16:25:41.397"></status>
</kw>
<kw name="Set Window Datetime Utc" library="timeFormat">
<arguments>
<arg>${count2}</arg>
<arg>08:00:00</arg>
</arguments>
<assign>
<var>${delivery_date_soft}</var>
</assign>
<msg timestamp="20190727 16:25:41.413" level="INFO">${delivery_date_soft} = 2019-07-31T08:00:00Z</msg>
<status status="PASS" starttime="20190727 16:25:41.413" endtime="20190727 16:25:41.413"></status>
</kw>
<kw name="Set Window Datetime" library="timeFormat">
<arguments>
<arg>${count1}</arg>
<arg>08:00:00</arg>
</arguments>
<assign>
<var>${end_time}</var>
</assign>
<msg timestamp="20190727 16:25:41.413" level="INFO">${end_time} = 2019-07-29 08:00:00</msg>
<status status="PASS" starttime="20190727 16:25:41.413" endtime="20190727 16:25:41.413"></status>
</kw>
<kw name="Get Timestamp" library="timeFormat">
<arguments>
<arg>${end_time}</arg>
</arguments>
<assign>
<var>${end_time_stamp}</var>
</assign>
<msg timestamp="20190727 16:25:41.413" level="INFO">${end_time_stamp} = 1564358400000</msg>
<status status="PASS" starttime="20190727 16:25:41.413" endtime="20190727 16:25:41.413"></status>
</kw>
<kw name="Evaluate" library="BuiltIn">
<doc>Evaluates the given expression in Python and returns the results.</doc>
<arguments>
<arg>${end_time_stamp}+ 24*3600*1000</arg>
</arguments>
<assign>
<var>${expire_time}</var>
</assign>
<msg timestamp="20190727 16:25:41.413" level="INFO">${expire_time} = 1564444800000</msg>
<status status="PASS" starttime="20190727 16:25:41.413" endtime="20190727 16:25:41.413"></status>
</kw>
<kw name="Evaluate" library="BuiltIn">
<doc>Evaluates the given expression in Python and returns the results.</doc>
<arguments>
<arg>int(3)</arg>
</arguments>
<assign>
<var>${count2}</var>
</assign>
<msg timestamp="20190727 16:25:41.413" level="INFO">${count2} = 3</msg>
<status status="PASS" starttime="20190727 16:25:41.413" endtime="20190727 16:25:41.413"></status>
</kw>
<kw name="Set Date" library="timeFormat">
<arguments>
<arg>${count2}</arg>
</arguments>
<assign>
<var>${expire_date}</var>
</assign>
<msg timestamp="20190727 16:25:41.413" level="INFO">${expire_date} = 07/30/2019</msg>
<status status="PASS" starttime="20190727 16:25:41.413" endtime="20190727 16:25:41.413"></status>
</kw>
<kw name="Get TenderDraft Information" library="tender">
<doc>get tenderDraft lastModifiedDate/bolNumber/tenderNumber by tender id</doc>
<arguments>
<arg>${tender_id}</arg>
</arguments>
<assign>
<var>${lastModifiedDate}</var>
<var>${bolNumber}</var>
<var>${tenderNumber}</var>
</assign>
<kw name="Create Session" library="RequestsLibrary">
<doc>Create Session: create a HTTP session to a server</doc>
<arguments>
<arg>testing</arg>
<arg>${HOST}</arg>
<arg>verify=True</arg>
</arguments>
<msg timestamp="20190727 16:25:41.413" level="INFO">Creating Session using : alias=testing, url=https://svcs.us-west-2.dev.aws.nexttrucking.com/bes, headers={},                     cookies=None, auth=None, timeout=None, proxies=None, verify=True,                     debug=0 </msg>
<status status="PASS" starttime="20190727 16:25:41.413" endtime="20190727 16:25:41.413"></status>
</kw>
<kw name="Get Now Stamp" library="timeFormat">
<assign>
<var>${time}</var>
</assign>
<msg timestamp="20190727 16:25:41.413" level="INFO">${time} = 1564215941413</msg>
<status status="PASS" starttime="20190727 16:25:41.413" endtime="20190727 16:25:41.413"></status>
</kw>
<kw name="Get Request" library="RequestsLibrary">
<doc>Send a GET request on the session object found using the
given `alias`</doc>
<arguments>
<arg>testing</arg>
<arg>${BACKEND_view_tenderDrafts_url}${tender_id}?cacheBuster=${time}</arg>
<arg>headers=${BACKEND_HEADER}</arg>
</arguments>
<assign>
<var>${response}</var>
</assign>
<msg timestamp="20190727 16:25:43.962" level="INFO">Get Request using : alias=testing, uri=/api/tenderDrafts/5328?cacheBuster=1564215941413, headers={'Authorization': 'Bearer a3b0be69-1b83-4d89-bd1a-9f18e453b309', 'Content-Type': 'application/json;charset=UTF-8'} json=None</msg>
<msg timestamp="20190727 16:25:43.962" level="INFO">${response} = &lt;Response [200]&gt;</msg>
<status status="PASS" starttime="20190727 16:25:41.413" endtime="20190727 16:25:43.962"></status>
</kw>
<kw name="To Json" library="RequestsLibrary">
<doc>Convert a string to a JSON object</doc>
<arguments>
<arg>${response.content}</arg>
</arguments>
<assign>
<var>${resdata}</var>
</assign>
<msg timestamp="20190727 16:25:43.962" level="INFO">To JSON using : content={"createdBy":"rftest","createdDate":1564215940000,"lastModifiedDate":1564215940000,"id":5328,"pickupDateValue":"07/29/2019","pickupTimeStart":"08:00","pickupTimeEnd":"17:00","pickupName":"operation","pickupPhone":"1111111111","deliveryDateValue":"07/31/2019","deliveryTimeStart":"08:00","deliveryTimeEnd":"17:00","pickUpWindowForSort":"2019-07-29T08:00:00Z","deliveryWindowForSort":"2019-07-31T08:00:00Z","deliveryName":"operation","deliveryPhone":"1111111111","referenceNum1":null,"referenceNum2":null,"referenceNum3":null,"weight":null,"goodsType":"dryvan","value":100000.00,"poNumber":null,"boxAmount":null,"palletAmount":null,"length":null,"width":null,"height":null,"originAddress":"{\"form.tender.origin.alias\":\"test-origin\",\"form.tender.origin.address1\":\"720 South Temescal Street\",\"form.tender.origin.city\":\"Corona\",\"form.tender.origin.state\":\"CA\",\"form.tender.origin.zipcode\":\"92879\"}","originTimeZone":"America/Los_Angeles","destinationAddress":"{\"form.tender.destination.alias\":\"destion_test\",\"form.tender.destination.address1\":\"2900 Morris Sheppard Drive\",\"form.tender.destination.city\":\"Brownwood\",\"form.tender.destination.state\":\"TX\",\"form.tender.destination.zipcode\":\"76801\"}","destinationTimeZone":"America/Chicago","totalCost":1600.00,"name":null,"originAddressName":"test-origin 1","destinationAddressName":"destion_test","totalPayout":2000.00,"note":null,"temperature1":null,"temperature2":null,"commodity":null,"sealnum":null,"salesman":"Max","supplement":null,"tenderId":79747030,"ediParty":null,"isTemplate":false,"isFromEdi":false,"used":false,"originAddressCopyAll":"test-origin 720 South Temescal Street Corona CA 92879 operation 1111111111","destinationAddressCopyAll":"destion_test 2900 Morris Sheppard Drive Brownwood TX 76801 operation 1111111111","pushCount":0,"addToPoolCount":0,"pickUpDateWindow":"2019-07-29T00:00:00Z","deliverDateWindow":"2019-07-31T00:00:00Z","boundType":null,"department":1,"ediFileId":null,"status":10,"tenderdraftOriginId":null,"ediUniqueNumber":null,"allReferenceNums":null,"pushStatus":0,"pushUserId":null,"orderId":null,"orderNumber":null,"adminNote":null,"pushUserName":null,"deleteUserId":null,"deleteUserName":null,"deleteDate":null,"fleetUserId":null,"distance":null,"orderStatus":null,"serviceLevel":null,"commodity2":null,"packageType2":null,"pieceType2":null,"totalPieces2":null,"totalPackages2":null,"immediately":null,"bolNumber":"B0007470","pickUpEmail":null,"deliveryEmail":null,"tenderNumber":"T0005352","totalCostType":1,"isAllInCost":false,"lineHaulPerMileRate":null,"lineHaulMileage":null,"fuelSurchargePerMileRate":null,"fuelSurchargeMileage":null,"lineHaulTotal":1600.00,"pickupWindowFlexibility":false,"acceptedFrom":null,"owner":"kayla","originPhoneExtension":null,"destinationPhoneExtension":null,"isDedicatedLane":false,"requiresTwic":null,"requiresScac":null,"tenderTypeTag":30,"ediBolNumber":null,"masterBolNumber":null,"trailerNum":null,"relay":false,"pushDate":null,"expireTime":null,"addToPoolStartTime":null,"user":null,"shipper":{"createdBy":"alice","createdDate":1555465828000,"lastModifiedDate":1564168044000,"id":80,"companyName":"next","shipperNumber":"U0000228","phone":"5352352352","settings":"{\"phoneNumber\":[\"5352352352\"],\"jobAccepted\":true,\"arrivePickupLocation\":true,\"shipmentPickedUp\":true,\"arrivedDropOffLocation\":true,\"jobComplete\":true,\"email\":\"seraabel2017+shipper@gmail.com\",\"emailList\":[\"seraabel2017+shipper@gmail.com\"],\"shipperMessageSetting\":{\"shipmentAccept\":false,\"shipmentPickedUp\":false,\"shipmentDelivered\":false,\"shipmentCompleted\":false},\"shipperEmailSetting\":{\"shipmentAccept\":false,\"shipmentPickedUp\":false,\"shipmentDelivered\":false,\"shipmentCompleted\":false}}","status":"approved","inviteCode":"1555465827741","inviteUrl":"http://dev.nexttrucking.com/register/user?invite=1555465827741","averageRate":null,"needPayment":false,"approvedBy":"amy","isBroker":false,"isEnterprise":false,"salesREP":"Max","approveChangedDate":1564168044000,"approveChangedBy":"amy","accountHealth":null,"growthPotential":null,"shipperType":20,"nonBillable":false,"freeQuickPay":false,"activated":true,"jobs":65,"shipperLaneRateCount":0,"user":{"createdBy":"alice","createdDate":1555465827000,"lastModifiedDate":1564204376000,"id":418,"encryptedPassword":null,"login":"seraabel2017+shipper@gmail.com","password":"","firstName":"auto","lastName":"shipper","email":"seraabel2017+shipper@gmail.com","phone":"5352352352","activated":true,"firstLogin":false,"del":false,"langKey":"en","note":"","imToken":null,"imAccid":null,"activatedChangedDate":null,"activatedChangedBy":null,"delChangedDate":null,"delChangedBy":null,"smsNotificationSwitch":null,"role":1,"areaCode":"+1","phoneExtension":null,"createNewShipmentSwitch":null,"createNewTenderSwitch":null,"lastLoginDateTime":"2019-07-27T05:12:56Z","lastResponseDateTime":null,"authorities":[{"name":"ROLE_SHIPPER"},{"name":"ROLE_USER"}],"depts":[{"createdBy":"system","createdDate":1527135291000,"lastModifiedDate":1527135291000,"id":4,"name":"Intermodal","delete":false},{"createdBy":"system","createdDate":1527135291000,"lastModifiedDate":1527135291000,"id":2,"name":"LTL","delete":false},{"createdBy":"system","createdDate":1527135291000,"lastModifiedDate":1527135291000,"id":3,"name":"Drayage","delete":false},{"createdBy":"system","createdDate":1527135291000,"lastModifiedDate":1527135291000,"id":1,"name":"FTL","delete":false}],"channel":"","opsTeam":null,"marketplaceView":false,"brokerageView":false,"marketplaceAction":false,"brokerageAction":false,"allowChangeMarketplaceBrokerage":false,"authoritiesString":"ROLE_SHIPPER,ROLE_USER","ownerOperator":false,"fleetDriver":false,"fleet":false,"trucker":false,"shipper":true,"departmentString":"4,2,3,1"},"avatar":{"createdBy":"alice","createdDate":1555465828000,"lastModifiedDate":1555465828000,"id":"5cda37de-739e-46a5-99fc-b068ca544ea7","name":"avatar.jpg","url":"/uploads/20190417/avatar/5cda37de-739e-46a5-99fc-b068ca544ea7.jpg","delFlag":false,"contentType":"image/jpg","s3AddressKey":"uploads/20190417/avatar/5cda37de-739e-46a5-99fc-b068ca544ea7.jpg","s3Address":"https://s3-barry-dev.s3.us-west-1.amazonaws.com/uploads/20190417/avatar/5cda37de-739e-46a5-99fc-b068ca544ea7.jpg","fileStatus":0},"reviewCount":null,"inviteqrcode":{"createdBy":"alice","createdDate":1555465828000,"lastModifiedDate":1555465828000,"id":"cb76843a-bdec-409e-8926-11a0b97983b0","name":"cb76843a-bdec-409e-8926-11a0b97983b0.jpg","url":"/uploads/20190417/qrcode/cb76843a-bdec-409e-8926-11a0b97983b0.jpg","delFlag":false,"contentType":"image/jpg","s3AddressKey":null,"s3Address":null,"fileStatus":0},"newInviteQRCodeId":"cb76843a-bdec-409e-8926-11a0b97983b0","credit":null,"shipmentStatusEmailSwitch":false,"shipmentStatusSMSSwitch":false,"isVip":null,"accountManager":"RFtest","vertical":2,"idcDedicated":false},"assignDriverExpired":null,"fleetName":null,"fleetCompanyName":null,"nmfcNumber":"","nmfcClass":null,"originLat":"33.8714436","originLng":"-117.52729499999998","destinationLat":"31.677031","destinationLng":"-98.9816801","createdFrom":10,"createEmailStatus":null,"shipperEdit":null,"shipperEditDate":null,"pickupWindowAppointmentSwitch":false,"deliveryWindowAppointmentSwitch":false,"pickupWindowBolSwitch":true,"deliveryWindowBolSwitch":true,"warehousing":null,"invoiceFormat":2,"payoutTotalCostType":1,"payoutIsAllInCost":false,"payoutLineHaulPerMileRate":null,"payoutLineHaulMileage":null,"payoutFuelSurchargePerMileRate":null,"payoutFuelSurchargeMileage":null,"payoutLineHaulTotal":2000.00,"ltlType":10,"operationType":null,"quotationRateDTO":null,"originSaveSwitch":false,"destinationSaveSwitch":false,"phantomDriverOrderId":null,"isNextRelay":false,"originAction":"pickup","destinationAction":"dropoff","loadContainer":null,"departmentName":null,"isMultiStop":false,"isRoundTrip":true,"isYardToYard":false,"isTeam":false,"tenderDraftStatus":"Admin Created","multipleRouteDisable":false} </msg>
<msg timestamp="20190727 16:25:43.962" level="INFO">To JSON using : pretty_print=False </msg>
<msg timestamp="20190727 16:25:43.962" level="INFO">${resdata} = {'createdBy': 'rftest', 'createdDate': 1564215940000, 'lastModifiedDate': 1564215940000, 'id': 5328, 'pickupDateValue': '07/29/2019', 'pickupTimeStart': '08:00', 'pickupTimeEnd': '17:00', 'pickupName'...</msg>
<status status="PASS" starttime="20190727 16:25:43.962" endtime="20190727 16:25:43.962"></status>
</kw>
<kw name="Set Variable" library="BuiltIn">
<doc>Returns the given values which can then be assigned to a variables.</doc>
<arguments>
<arg>${resdata['lastModifiedDate']}</arg>
</arguments>
<assign>
<var>${lastModifiedDate}</var>
</assign>
<msg timestamp="20190727 16:25:43.962" level="INFO">${lastModifiedDate} = 1564215940000</msg>
<status status="PASS" starttime="20190727 16:25:43.962" endtime="20190727 16:25:43.962"></status>
</kw>
<kw name="Set Variable" library="BuiltIn">
<doc>Returns the given values which can then be assigned to a variables.</doc>
<arguments>
<arg>${resdata['bolNumber']}</arg>
</arguments>
<assign>
<var>${bolNumber}</var>
</assign>
<msg timestamp="20190727 16:25:43.962" level="INFO">${bolNumber} = B0007470</msg>
<status status="PASS" starttime="20190727 16:25:43.962" endtime="20190727 16:25:43.962"></status>
</kw>
<kw name="Set Variable" library="BuiltIn">
<doc>Returns the given values which can then be assigned to a variables.</doc>
<arguments>
<arg>${resdata['tenderNumber']}</arg>
</arguments>
<assign>
<var>${tenderNumber}</var>
</assign>
<msg timestamp="20190727 16:25:43.962" level="INFO">${tenderNumber} = T0005352</msg>
<status status="PASS" starttime="20190727 16:25:43.962" endtime="20190727 16:25:43.962"></status>
</kw>
<msg timestamp="20190727 16:25:43.962" level="INFO">${lastModifiedDate} = 1564215940000</msg>
<msg timestamp="20190727 16:25:43.962" level="INFO">${bolNumber} = B0007470</msg>
<msg timestamp="20190727 16:25:43.962" level="INFO">${tenderNumber} = T0005352</msg>
<status status="PASS" starttime="20190727 16:25:41.413" endtime="20190727 16:25:43.962"></status>
</kw>
<kw name="Get Valid Convert To Push Data" library="changeTenderAndShipmentStatusData">
<arguments>
<arg>${tender_id}</arg>
<arg>${shipper}</arg>
<arg>${pick_up_date}</arg>
<arg>${pick_up_date_soft}</arg>
<arg>${delivered_date}</arg>
<arg>${delivery_date_soft}</arg>
<arg>${time}</arg>
<arg>${expire_time}</arg>
<arg>${expire_date}</arg>
<arg>${lastModifiedDate}</arg>
<arg>${bolNumber}</arg>
<arg>${tenderNumber}</arg>
</arguments>
<assign>
<var>${data}</var>
</assign>
<msg timestamp="20190727 16:25:43.962" level="INFO">${data} = {"createdBy": "rftest", "createdDate": 1564215941053, "lastModifiedDate": 1564215940000, "id": "5328", "pickupDateValue": "07/29/2019", "pickupTimeStart": "08:00", "pickupTimeEnd": "17:00", "pickupNam...</msg>
<status status="PASS" starttime="20190727 16:25:43.962" endtime="20190727 16:25:43.962"></status>
</kw>
<kw name="Put Request" library="RequestsLibrary">
<doc>Send a PUT request on the session object found using the
given `alias`</doc>
<arguments>
<arg>backend</arg>
<arg>${BACKEND_tenderDrafts_url}cacheBuster=${time}</arg>
<arg>${data}</arg>
<arg>headers=${BACKEND_HEADER}</arg>
</arguments>
<assign>
<var>${response}</var>
</assign>
<msg timestamp="20190727 16:25:44.388" level="INFO">Put Request using : alias=backend, uri=/api/tenderDrafts?cacheBuster=1564215941053, data={"createdBy": "rftest", "createdDate": 1564215941053, "lastModifiedDate": 1564215940000, "id": "5328", "pickupDateValue": "07/29/2019", "pickupTimeStart": "08:00", "pickupTimeEnd": "17:00", "pickupName": "operation", "pickupPhone": "1111111111", "deliveryDateValue": "07/31/2019", "deliveryTimeStart": "08:00", "deliveryTimeEnd": "17:00", "pickUpWindowForSort": "2019-07-29T08:00:00Z", "deliveryWindowForSort": "2019-07-31T08:00:00Z", "deliveryName": "operation", "deliveryPhone": "1111111111", "referenceNum1": null, "referenceNum2": null, "referenceNum3": null, "weight": 1000, "goodsType": "dryvan", "value": 100000, "poNumber": null, "boxAmount": null, "palletAmount": null, "length": null, "width": null, "height": null, "originAddress": "{\"form.tender.origin.alias\":\"test-origin\",\"form.tender.origin.address1\":\"720 South Temescal Street\",\"form.tender.origin.city\":\"Corona\",\"form.tender.origin.state\":\"CA\",\"form.tender.origin.zipcode\":\"92879\"}", "destinationAddress": "{\"form.tender.destination.alias\":\"destion_test\",\"form.tender.destination.address1\":\"2900 Morris Sheppard Drive\",\"form.tender.destination.city\":\"Brownwood\",\"form.tender.destination.state\":\"TX\",\"form.tender.destination.zipcode\":\"76801\"}", "originTimeZone": "America/Los_Angeles", "destinationTimeZone": "America/Chicago", "originAddressName": "test-origin", "destinationAddressName": "destion_test", "totalCost": 1600, "name": null, "totalPayout": 2000, "note": null, "temperature1": "", "temperature2": "", "commodity": "This test data come from RF API", "sealnum": null, "salesman": "Max", "supplement": null, "tenderId": "5328", "ediParty": null, "isTemplate": false, "isFromEdi": false, "used": false, "originAddressCopyAll": "test-origin 720 South Temescal Street Corona CA 92879 operation 1111111111", "destinationAddressCopyAll": "destion_test 2900 Morris Sheppard Drive Brownwood TX 76801 operation 1111111111", "pushCount": 0, "addToPoolCount": 0, "pickUpDateWindow": "2019-07-29T08:00:00Z", "deliverDateWindow": "2019-07-31T08:00:00Z", "boundType": null, "department": 1, "ediFileId": null, "status": 10, "tenderdraftOriginId": null, "ediUniqueNumber": null, "allReferenceNums": "", "pushStatus": 0, "pushUserId": null, "orderId": null, "orderNumber": null, "adminNote": null, "pushUserName": null, "deleteUserId": null, "deleteUserName": null, "deleteDate": null, "fleetUserId": null, "distance": 2043048, "orderStatus": null, "serviceLevel": null, "commodity2": null, "packageType2": null, "pieceType2": null, "totalPieces2": null, "totalPackages2": null, "immediately": null, "bolNumber": "B0007470", "pickUpEmail": null, "deliveryEmail": null, "tenderNumber": "T0005352", "totalCostType": 1, "isAllInCost": false, "lineHaulPerMileRate": null, "lineHaulMileage": null, "fuelSurchargePerMileRate": null, "fuelSurchargeMileage": null, "lineHaulTotal": 1600, "pickupWindowFlexibility": false, "acceptedFrom": null, "owner": "kayla", "originPhoneExtension": null, "destinationPhoneExtension": null, "isDedicatedLane": false, "requiresTwic": null, "requiresScac": null, "tenderTypeTag": 30, "relay": false, "pushDate": null, "expireTime": 1564444800000, "addToPoolStartTime": 1555626600000, "user": null, "shipper": {"createdBy": "alice", "createdDate": 1555465828000, "lastModifiedDate": 1564168044000, "id": 80, "companyName": "next", "shipperNumber": "U0000228", "phone": "5352352352", "settings": "{\"phoneNumber\":[\"5352352352\"],\"jobAccepted\":true,\"arrivePickupLocation\":true,\"shipmentPickedUp\":true,\"arrivedDropOffLocation\":true,\"jobComplete\":true,\"email\":\"seraabel2017+shipper@gmail.com\",\"emailList\":[\"seraabel2017+shipper@gmail.com\"],\"shipperMessageSetting\":{\"shipmentAccept\":false,\"shipmentPickedUp\":false,\"shipmentDelivered\":false,\"shipmentCompleted\":false},\"shipperEmailSetting\":{\"shipmentAccept\":false,\"shipmentPickedUp\":false,\"shipmentDelivered\":false,\"shipmentCompleted\":false}}", "status": "approved", "inviteCode": "1555465827741", "inviteUrl": "http://dev.nexttrucking.com/register/user?invite=1555465827741", "averageRate": null, "needPayment": false, "approvedBy": "amy", "isBroker": false, "isEnterprise": false, "salesREP": "Max", "approveChangedDate": 1564168044000, "approveChangedBy": "amy", "accountHealth": null, "growthPotential": null, "shipperType": 20, "nonBillable": false, "freeQuickPay": false, "activated": true, "jobs": 65, "shipperLaneRateCount": 0, "user": {"createdBy": "alice", "createdDate": 1555465827000, "lastModifiedDate": 1564204376000, "id": 418, "encryptedPassword": null, "login": "seraabel2017+shipper@gmail.com", "password": "", "firstName": "auto", "lastName": "shipper", "email": "seraabel2017+shipper@gmail.com", "phone": "5352352352", "activated": true, "firstLogin": false, "del": false, "langKey": "en", "note": "", "imToken": null, "imAccid": null, "activatedChangedDate": null, "activatedChangedBy": null, "delChangedDate": null, "delChangedBy": null, "smsNotificationSwitch": null, "role": 1, "areaCode": "+1", "phoneExtension": null, "createNewShipmentSwitch": null, "createNewTenderSwitch": null, "lastLoginDateTime": "2019-07-27T05:12:56Z", "lastResponseDateTime": null, "authorities": [{"name": "ROLE_SHIPPER"}, {"name": "ROLE_USER"}], "depts": [{"createdBy": "system", "createdDate": 1527135291000, "lastModifiedDate": 1527135291000, "id": 4, "name": "Intermodal", "delete": false}, {"createdBy": "system", "createdDate": 1527135291000, "lastModifiedDate": 1527135291000, "id": 2, "name": "LTL", "delete": false}, {"createdBy": "system", "createdDate": 1527135291000, "lastModifiedDate": 1527135291000, "id": 3, "name": "Drayage", "delete": false}, {"createdBy": "system", "createdDate": 1527135291000, "lastModifiedDate": 1527135291000, "id": 1, "name": "FTL", "delete": false}], "channel": "", "opsTeam": null, "marketplaceView": false, "brokerageView": false, "marketplaceAction": false, "brokerageAction": false, "allowChangeMarketplaceBrokerage": false, "authoritiesString": "ROLE_SHIPPER,ROLE_USER", "ownerOperator": false, "fleetDriver": false, "fleet": false, "trucker": false, "shipper": true, "departmentString": "4,2,3,1"}, "avatar": {"createdBy": "alice", "createdDate": 1555465828000, "lastModifiedDate": 1555465828000, "id": "5cda37de-739e-46a5-99fc-b068ca544ea7", "name": "avatar.jpg", "url": "/uploads/20190417/avatar/5cda37de-739e-46a5-99fc-b068ca544ea7.jpg", "delFlag": false, "contentType": "image/jpg", "s3AddressKey": "uploads/20190417/avatar/5cda37de-739e-46a5-99fc-b068ca544ea7.jpg", "s3Address": "https://s3-barry-dev.s3.us-west-1.amazonaws.com/uploads/20190417/avatar/5cda37de-739e-46a5-99fc-b068ca544ea7.jpg", "fileStatus": 0}, "reviewCount": null, "inviteqrcode": {"createdBy": "alice", "createdDate": 1555465828000, "lastModifiedDate": 1555465828000, "id": "cb76843a-bdec-409e-8926-11a0b97983b0", "name": "cb76843a-bdec-409e-8926-11a0b97983b0.jpg", "url": "/uploads/20190417/qrcode/cb76843a-bdec-409e-8926-11a0b97983b0.jpg", "delFlag": false, "contentType": "image/jpg", "s3AddressKey": null, "s3Address": null, "fileStatus": 0}, "newInviteQRCodeId": "cb76843a-bdec-409e-8926-11a0b97983b0", "credit": null, "shipmentStatusEmailSwitch": false, "shipmentStatusSMSSwitch": false, "isVip": null, "accountManager": "RFtest", "vertical": 2, "idcDedicated": false}, "assignDriverExpired": null, "fleetName": null, "fleetCompanyName": null, "nmfcNumber": "", "nmfcClass": null, "originLat": "33.8714436", "originLng": "-117.52729499999998", "destinationLat": "31.677031", "destinationLng": "-98.9816801", "createdFrom": 10, "createEmailStatus": null, "shipperEdit": null, "shipperEditDate": null, "pickupWindowAppointmentSwitch": false, "deliveryWindowAppointmentSwitch": false, "pickupWindowBolSwitch": true, "deliveryWindowBolSwitch": true, "warehousing": "", "invoiceFormat": 2, "payoutTotalCostType": 1, "payoutIsAllInCost": false, "payoutLineHaulPerMileRate": null, "payoutLineHaulMileage": null, "payoutFuelSurchargePerMileRate": null, "payoutFuelSurchargeMileage": null, "payoutLineHaulTotal": 2000, "ltlType": 10, "operationType": "SaveAndPushToPool", "quotationRateDTO": null, "originSaveSwitch": false, "destinationSaveSwitch": false, "phantomDriverOrderId": null, "isNextRelay": false, "originAction": "pickup", "destinationAction": "dropoff", "loadContainer": {}, "departmentName": null, "isMultiStop": false, "isRoundTrip": true, "isYardToYard": false, "isTeam": false, "tenderDraftStatus": "Admin Created", "multipleRouteDisable": false, "immediate": true, "shipperId": 80, "lineHaulTotalInput": 1600, "payoutLineHaulTotalInput": 2000, "origin": {"alias": "test-origin", "address1": "720 South Temescal Street", "city": "Corona", "state": "CA", "zipcode": "92879"}, "destination": {"alias": "destion_test", "address1": "2900 Morris Sheppard Drive", "city": "Brownwood", "state": "TX", "zipcode": "76801"}, "originTimeZoneName": "Pacific Daylight Time", "destinationTimeZoneName": "Central Daylight Time", "expireTimeDisplay": "07/29/2019 5:00 PM PDT", "expireTimeDate": "07/30/2019 8:00 AM", "addToPoolStartTimeDate": "04/19/2019 6:30 AM", "startTimeDisplay": "04/18/2019 3:30 PM PDT", "totalRevenueDisplay": 0, "fuelSurchargeTotal": 0, "payoutTotalRevenueDisplay": 0, "payoutFuelSurchargeTotal": 0, "draftId": "5328"},                     headers={'Authorization': 'Bearer a3b0be69-1b83-4d89-bd1a-9f18e453b309', 'Content-Type': 'application/json;charset=UTF-8'}, allow_redirects=True </msg>
<msg timestamp="20190727 16:25:44.388" level="INFO">${response} = &lt;Response [200]&gt;</msg>
<status status="PASS" starttime="20190727 16:25:43.962" endtime="20190727 16:25:44.388"></status>
</kw>
<kw name="Should Be Equal As Strings" library="BuiltIn">
<doc>Fails if objects are unequal after converting them to strings.</doc>
<arguments>
[...]
<status status="PASS" starttime="20190727 16:26:20.776" endtime="20190727 16:26:20.776"></status>
</kw>
<kw name="Log To Console" library="BuiltIn">
<doc>Logs the given message to the console.</doc>
<arguments>
<arg>&amp;{user}[TRUCKER_EMAIL]</arg>
</arguments>
<status status="PASS" starttime="20190727 16:26:20.777" endtime="20190727 16:26:20.777"></status>
</kw>
<kw name="Set Variable" library="BuiltIn">
<doc>Returns the given values which can then be assigned to a variables.</doc>
<arguments>
<arg>&amp;{user}[TRUCKER_EMAIL]</arg>
</arguments>
<assign>
<var>${email}</var>
</assign>
<msg timestamp="20190727 16:26:20.779" level="INFO">${email} = seraabel2017+oo@gmail.com</msg>
<status status="PASS" starttime="20190727 16:26:20.778" endtime="20190727 16:26:20.779"></status>
</kw>
<kw name="Run Keyword And Return Status" library="BuiltIn">
<doc>Runs the given keyword with given arguments and returns the status as a Boolean value.</doc>
<arguments>
<arg>Search Trucker On Admin Portal</arg>
<arg>${email}</arg>
</arguments>
<assign>
<var>${status}</var>
</assign>
<kw name="Search Trucker On Admin Portal" library="search">
<doc>Search trucker by email in the trucker management page</doc>
<arguments>
<arg>${email}</arg>
</arguments>
<kw name="Create Session" library="RequestsLibrary">
<doc>Create Session: create a HTTP session to a server</doc>
<arguments>
<arg>backend</arg>
<arg>${HOST}</arg>
<arg>verify=True</arg>
</arguments>
<msg timestamp="20190727 16:26:20.781" level="INFO">Creating Session using : alias=backend, url=https://svcs.us-west-2.dev.aws.nexttrucking.com/bes, headers={},                     cookies=None, auth=None, timeout=None, proxies=None, verify=True,                     debug=0 </msg>
<status status="PASS" starttime="20190727 16:26:20.781" endtime="20190727 16:26:20.782"></status>
</kw>
<kw name="Get Now Stamp" library="timeFormat">
<assign>
<var>${time}</var>
</assign>
<msg timestamp="20190727 16:26:20.783" level="INFO">${time} = 1564215980782</msg>
<status status="PASS" starttime="20190727 16:26:20.782" endtime="20190727 16:26:20.783"></status>
</kw>
<kw name="Url Quote" library="quote">
<arguments>
<arg>${email}</arg>
</arguments>
<assign>
<var>${TRUCKER_EMAIL_TRANS}</var>
</assign>
<msg timestamp="20190727 16:26:20.783" level="INFO">${TRUCKER_EMAIL_TRANS} = seraabel2017%2Boo%40gmail.com</msg>
<status status="PASS" starttime="20190727 16:26:20.783" endtime="20190727 16:26:20.784"></status>
</kw>
<kw name="Get Request" library="RequestsLibrary">
<doc>Send a GET request on the session object found using the
given `alias`</doc>
<arguments>
<arg>backend</arg>
<arg>${BACKEND_searchTrucker_url}cacheBuster=${time}&amp;keywords=${TRUCKER_EMAIL_TRANS}${data}</arg>
<arg>headers=${BACKEND_HEADER}</arg>
</arguments>
<assign>
<var>${response}</var>
</assign>
<msg timestamp="20190727 16:26:21.915" level="INFO">Get Request using : alias=backend, uri=/api/findtruckers?cacheBuster=1564215980782&amp;keywords=seraabel2017%2Boo%40gmail.com&amp;approvedBy=&amp;baseCity=&amp;baseCountry=&amp;baseState=&amp;blocked=&amp;carrierPacketStatus=&amp;carrierSalesRepId=&amp;channel=&amp;department=0&amp;documents=&amp;favoriteStateSort=&amp;fleetNumber=&amp;insuranceCoverage=&amp;isDedicatedCarrier=&amp;key=email&amp;mock=false&amp;page=1&amp;per_page=10&amp;scacCode=&amp;sortConditon=createdDate_desc,status_desc,activated_desc&amp;status=&amp;trailerType=&amp;type=, headers={'Authorization': 'Bearer a3b0be69-1b83-4d89-bd1a-9f18e453b309', 'Content-Type': 'application/json;charset=UTF-8'} json=None</msg>
<msg timestamp="20190727 16:26:21.915" level="INFO">${response} = &lt;Response [200]&gt;</msg>
<status status="PASS" starttime="20190727 16:26:20.784" endtime="20190727 16:26:21.915"></status>
</kw>
<kw name="To Json" library="RequestsLibrary">
<doc>Convert a string to a JSON object</doc>
<arguments>
<arg>${response.content}</arg>
</arguments>
<assign>
<var>${resdata}</var>
</assign>
<msg timestamp="20190727 16:26:21.915" level="INFO">To JSON using : content=[] </msg>
<msg timestamp="20190727 16:26:21.915" level="INFO">To JSON using : pretty_print=False </msg>
<msg timestamp="20190727 16:26:21.915" level="INFO">${resdata} = []</msg>
<status status="PASS" starttime="20190727 16:26:21.915" endtime="20190727 16:26:21.915"></status>
</kw>
<kw name="Set Variable" library="BuiltIn">
<doc>Returns the given values which can then be assigned to a variables.</doc>
<arguments>
<arg>${resdata[0]['id']}</arg>
</arguments>
<assign>
<var>${search_trucker_id}</var>
</assign>
<msg timestamp="20190727 16:26:21.915" level="FAIL">Resolving variable '${resdata[0]['id']}' failed: IndexError: list index out of range</msg>
<status status="FAIL" starttime="20190727 16:26:21.915" endtime="20190727 16:26:21.915"></status>
</kw>
<status status="FAIL" starttime="20190727 16:26:20.780" endtime="20190727 16:26:21.915"></status>
</kw>
<msg timestamp="20190727 16:26:21.915" level="INFO">${status} = False</msg>
<status status="PASS" starttime="20190727 16:26:20.779" endtime="20190727 16:26:21.915"></status>
</kw>
<kw name="Run Keyword If" library="BuiltIn">
<doc>Runs the given keyword with the given arguments, if ``condition`` is true.</doc>
<arguments>
<arg>"${status}"=="False"</arg>
<arg>log</arg>
<arg>seacrh result is null</arg>
<arg>ELSE</arg>
<arg>run keywords</arg>
<arg>Search Trucker On Admin Portal</arg>
<arg>${email}</arg>
<arg>AND</arg>
<arg>delete trucker on admin portal</arg>
<arg>${search_trucker_id}</arg>
</arguments>
<kw name="Log" library="BuiltIn">
<doc>Logs the given message with the given level.</doc>
<arguments>
<arg>seacrh result is null</arg>
</arguments>
<msg timestamp="20190727 16:26:21.915" level="INFO">seacrh result is null</msg>
<status status="PASS" starttime="20190727 16:26:21.915" endtime="20190727 16:26:21.915"></status>
</kw>
<status status="PASS" starttime="20190727 16:26:21.915" endtime="20190727 16:26:21.915"></status>
</kw>
<doc>Use the email to seach, then delete this test account</doc>
<status status="PASS" starttime="20190727 16:26:20.775" endtime="20190727 16:26:21.915" critical="yes"></status>
</test>
<test id="s1-s2-s2-t2" name="Delete Test Account Of Fleet">
<kw name="Get App User Variables" library="mobile">
<arguments>
<arg>initialization</arg>
</arguments>
<assign>
<var>${user}</var>
</assign>
<msg timestamp="20190727 16:26:21.915" level="INFO">${user} = {'SHIPPER_EMAIL': 'seraabel2017+shipper@gmail.com', 'SHIPPER_PASSWORD': '111111', 'TRUCKER_EMAIL': 'seraabel2017+oo@gmail.com', 'TRUCKER_PASSWORD': '111111', 'FLEET_EMAIL': 'seraabel2017+dispatcher@gm...</msg>
<status status="PASS" starttime="20190727 16:26:21.915" endtime="20190727 16:26:21.915"></status>
</kw>
<kw name="Set Variable" library="BuiltIn">
<doc>Returns the given values which can then be assigned to a variables.</doc>
<arguments>
<arg>&amp;{user}[FLEET_EMAIL]</arg>
</arguments>
<assign>
<var>${email}</var>
</assign>
<msg timestamp="20190727 16:26:21.915" level="INFO">${email} = seraabel2017+dispatcher@gmail.com</msg>
<status status="PASS" starttime="20190727 16:26:21.915" endtime="20190727 16:26:21.915"></status>
</kw>
<kw name="Run Keyword And Return Status" library="BuiltIn">
<doc>Runs the given keyword with given arguments and returns the status as a Boolean value.</doc>
<arguments>
<arg>Search Fleet On Admin Portal</arg>
<arg>${email}</arg>
</arguments>
<assign>
<var>${status}</var>
</assign>
<kw name="Search Fleet On Admin Portal" library="search">
<doc>Search fleet by email in the trucker management page</doc>
<arguments>
<arg>${email}</arg>
</arguments>
<kw name="Create Session" library="RequestsLibrary">
<doc>Create Session: create a HTTP session to a server</doc>
<arguments>
<arg>backend</arg>
<arg>${HOST}</arg>
<arg>verify=True</arg>
</arguments>
<msg timestamp="20190727 16:26:21.915" level="INFO">Creating Session using : alias=backend, url=https://svcs.us-west-2.dev.aws.nexttrucking.com/bes, headers={},                     cookies=None, auth=None, timeout=None, proxies=None, verify=True,                     debug=0 </msg>
<status status="PASS" starttime="20190727 16:26:21.915" endtime="20190727 16:26:21.915"></status>
</kw>
<kw name="Get Now Stamp" library="timeFormat">
<assign>
<var>${time}</var>
</assign>
<msg timestamp="20190727 16:26:21.915" level="INFO">${time} = 1564215981915</msg>
<status status="PASS" starttime="20190727 16:26:21.915" endtime="20190727 16:26:21.915"></status>
</kw>
<kw name="Url Quote" library="quote">
<arguments>
<arg>${email}</arg>
</arguments>
<assign>
<var>${Fleet_EMAIL_TRANS}</var>
</assign>
<msg timestamp="20190727 16:26:21.931" level="INFO">${Fleet_EMAIL_TRANS} = seraabel2017%2Bdispatcher%40gmail.com</msg>
<status status="PASS" starttime="20190727 16:26:21.915" endtime="20190727 16:26:21.931"></status>
</kw>
<kw name="Get Request" library="RequestsLibrary">
<doc>Send a GET request on the session object found using the
given `alias`</doc>
<arguments>
<arg>backend</arg>
<arg>${BACKEND_searchFleet_url}cacheBuster=${time}&amp;keywords=${Fleet_EMAIL_TRANS}${data}</arg>
<arg>headers=${BACKEND_HEADER}</arg>
</arguments>
<assign>
<var>${response}</var>
</assign>
<msg timestamp="20190727 16:26:23.505" level="INFO">Get Request using : alias=backend, uri=/api/fleetAccounts?cacheBuster=1564215981915&amp;keywords=seraabel2017%2Bdispatcher%40gmail.com&amp;approvedBy=&amp;baseCity=&amp;baseCountry=&amp;baseState=&amp;blocked=&amp;carrierPacketStatus=&amp;carrierSalesRepId=&amp;channel=&amp;department=0&amp;documents=&amp;favoriteStateSort=&amp;insuranceCoverage=&amp;isDedicatedCarrier=&amp;key=email&amp;max=&amp;min=&amp;page=1&amp;per_page=10&amp;scacCode=&amp;sortConditon=createdDate_desc,status_desc,activated_desc,usDocketNum_desc,usDotNum_desc&amp;status=, headers={'Authorization': 'Bearer a3b0be69-1b83-4d89-bd1a-9f18e453b309', 'Content-Type': 'application/json;charset=UTF-8'} json=None</msg>
<msg timestamp="20190727 16:26:23.505" level="INFO">${response} = &lt;Response [200]&gt;</msg>
<status status="PASS" starttime="20190727 16:26:21.931" endtime="20190727 16:26:23.505"></status>
</kw>
<kw name="To Json" library="RequestsLibrary">
<doc>Convert a string to a JSON object</doc>
<arguments>
<arg>${response.content}</arg>
</arguments>
<assign>
<var>${resdata}</var>
</assign>
<msg timestamp="20190727 16:26:23.520" level="INFO">To JSON using : content=[] </msg>
<msg timestamp="20190727 16:26:23.520" level="INFO">To JSON using : pretty_print=False </msg>
<msg timestamp="20190727 16:26:23.520" level="INFO">${resdata} = []</msg>
<status status="PASS" starttime="20190727 16:26:23.505" endtime="20190727 16:26:23.520"></status>
</kw>
<kw name="Set Variable" library="BuiltIn">
<doc>Returns the given values which can then be assigned to a variables.</doc>
<arguments>
<arg>${resdata[0]['id']}</arg>
</arguments>
<assign>
<var>${search_fleet_id}</var>
</assign>
<msg timestamp="20190727 16:26:23.520" level="FAIL">Resolving variable '${resdata[0]['id']}' failed: IndexError: list index out of range</msg>
<status status="FAIL" starttime="20190727 16:26:23.520" endtime="20190727 16:26:23.520"></status>
</kw>
<status status="FAIL" starttime="20190727 16:26:21.915" endtime="20190727 16:26:23.520"></status>
</kw>
<msg timestamp="20190727 16:26:23.520" level="INFO">${status} = False</msg>
<status status="PASS" starttime="20190727 16:26:21.915" endtime="20190727 16:26:23.520"></status>
</kw>
<kw name="Run Keyword If" library="BuiltIn">
<doc>Runs the given keyword with the given arguments, if ``condition`` is true.</doc>
<arguments>
<arg>"${status}"=="False"</arg>
<arg>log</arg>
<arg>seacrh result is null</arg>
<arg>ELSE</arg>
<arg>run keywords</arg>
<arg>Search Fleet On Admin Portal</arg>
<arg>${email}</arg>
<arg>AND</arg>
<arg>delete fleet on admin portal</arg>
<arg>${search_fleet_id}</arg>
</arguments>
<kw name="Log" library="BuiltIn">
<doc>Logs the given message with the given level.</doc>
<arguments>
<arg>seacrh result is null</arg>
</arguments>
<msg timestamp="20190727 16:26:23.520" level="INFO">seacrh result is null</msg>
<status status="PASS" starttime="20190727 16:26:23.520" endtime="20190727 16:26:23.520"></status>
</kw>
<status status="PASS" starttime="20190727 16:26:23.520" endtime="20190727 16:26:23.520"></status>
</kw>
<doc>Use the email to seach, then delete this test account</doc>
<status status="PASS" starttime="20190727 16:26:21.915" endtime="20190727 16:26:23.520" critical="yes"></status>
</test>
<test id="s1-s2-s2-t3" name="Delete Test Account Of Driver">
<kw name="Get App User Variables" library="mobile">
<arguments>
<arg>initialization</arg>
</arguments>
<assign>
<var>${user}</var>
</assign>
<msg timestamp="20190727 16:26:23.536" level="INFO">${user} = {'SHIPPER_EMAIL': 'seraabel2017+shipper@gmail.com', 'SHIPPER_PASSWORD': '111111', 'TRUCKER_EMAIL': 'seraabel2017+oo@gmail.com', 'TRUCKER_PASSWORD': '111111', 'FLEET_EMAIL': 'seraabel2017+dispatcher@gm...</msg>
<status status="PASS" starttime="20190727 16:26:23.536" endtime="20190727 16:26:23.536"></status>
</kw>
<kw name="Set Variable" library="BuiltIn">
<doc>Returns the given values which can then be assigned to a variables.</doc>
<arguments>
<arg>&amp;{user}[DRIVER_EMAIL]</arg>
</arguments>
<assign>
<var>${email}</var>
</assign>
<msg timestamp="20190727 16:26:23.536" level="INFO">${email} = seraabel2017+d@gmail.com</msg>
<status status="PASS" starttime="20190727 16:26:23.536" endtime="20190727 16:26:23.536"></status>
</kw>
<kw name="Run Keyword And Return Status" library="BuiltIn">
<doc>Runs the given keyword with given arguments and returns the status as a Boolean value.</doc>
<arguments>
<arg>Search Trucker On Admin Portal</arg>
<arg>${email}</arg>
</arguments>
<assign>
<var>${status}</var>
</assign>
<kw name="Search Trucker On Admin Portal" library="search">
<doc>Search trucker by email in the trucker management page</doc>
<arguments>
<arg>${email}</arg>
</arguments>
<kw name="Create Session" library="RequestsLibrary">
<doc>Create Session: create a HTTP session to a server</doc>
<arguments>
<arg>backend</arg>
<arg>${HOST}</arg>
<arg>verify=True</arg>
</arguments>
<msg timestamp="20190727 16:26:23.536" level="INFO">Creating Session using : alias=backend, url=https://svcs.us-west-2.dev.aws.nexttrucking.com/bes, headers={},                     cookies=None, auth=None, timeout=None, proxies=None, verify=True,                     debug=0 </msg>
<status status="PASS" starttime="20190727 16:26:23.536" endtime="20190727 16:26:23.536"></status>
</kw>
<kw name="Get Now Stamp" library="timeFormat">
<assign>
<var>${time}</var>
</assign>
<msg timestamp="20190727 16:26:23.536" level="INFO">${time} = 1564215983536</msg>
<status status="PASS" starttime="20190727 16:26:23.536" endtime="20190727 16:26:23.552"></status>
</kw>
<kw name="Url Quote" library="quote">
<arguments>
<arg>${email}</arg>
</arguments>
<assign>
<var>${TRUCKER_EMAIL_TRANS}</var>
</assign>
<msg timestamp="20190727 16:26:23.552" level="INFO">${TRUCKER_EMAIL_TRANS} = seraabel2017%2Bd%40gmail.com</msg>
<status status="PASS" starttime="20190727 16:26:23.552" endtime="20190727 16:26:23.552"></status>
</kw>
<kw name="Get Request" library="RequestsLibrary">
<doc>Send a GET request on the session object found using the
given `alias`</doc>
<arguments>
<arg>backend</arg>
<arg>${BACKEND_searchTrucker_url}cacheBuster=${time}&amp;keywords=${TRUCKER_EMAIL_TRANS}${data}</arg>
<arg>headers=${BACKEND_HEADER}</arg>
</arguments>
<assign>
<var>${response}</var>
</assign>
<msg timestamp="20190727 16:26:25.849" level="INFO">Get Request using : alias=backend, uri=/api/findtruckers?cacheBuster=1564215983536&amp;keywords=seraabel2017%2Bd%40gmail.com&amp;approvedBy=&amp;baseCity=&amp;baseCountry=&amp;baseState=&amp;blocked=&amp;carrierPacketStatus=&amp;carrierSalesRepId=&amp;channel=&amp;department=0&amp;documents=&amp;favoriteStateSort=&amp;fleetNumber=&amp;insuranceCoverage=&amp;isDedicatedCarrier=&amp;key=email&amp;mock=false&amp;page=1&amp;per_page=10&amp;scacCode=&amp;sortConditon=createdDate_desc,status_desc,activated_desc&amp;status=&amp;trailerType=&amp;type=, headers={'Authorization': 'Bearer a3b0be69-1b83-4d89-bd1a-9f18e453b309', 'Content-Type': 'application/json;charset=UTF-8'} json=None</msg>
<msg timestamp="20190727 16:26:25.849" level="INFO">${response} = &lt;Response [200]&gt;</msg>
<status status="PASS" starttime="20190727 16:26:23.552" endtime="20190727 16:26:25.849"></status>
</kw>
<kw name="To Json" library="RequestsLibrary">
<doc>Convert a string to a JSON object</doc>
<arguments>
<arg>${response.content}</arg>
</arguments>
<assign>
<var>${resdata}</var>
</assign>
<msg timestamp="20190727 16:26:25.849" level="INFO">To JSON using : content=[] </msg>
<msg timestamp="20190727 16:26:25.849" level="INFO">To JSON using : pretty_print=False </msg>
<msg timestamp="20190727 16:26:25.849" level="INFO">${resdata} = []</msg>
<status status="PASS" starttime="20190727 16:26:25.849" endtime="20190727 16:26:25.849"></status>
</kw>
<kw name="Set Variable" library="BuiltIn">
<doc>Returns the given values which can then be assigned to a variables.</doc>
<arguments>
<arg>${resdata[0]['id']}</arg>
</arguments>
<assign>
<var>${search_trucker_id}</var>
</assign>
<msg timestamp="20190727 16:26:25.849" level="FAIL">Resolving variable '${resdata[0]['id']}' failed: IndexError: list index out of range</msg>
<status status="FAIL" starttime="20190727 16:26:25.849" endtime="20190727 16:26:25.849"></status>
</kw>
<status status="FAIL" starttime="20190727 16:26:23.536" endtime="20190727 16:26:25.849"></status>
</kw>
<msg timestamp="20190727 16:26:25.849" level="INFO">${status} = False</msg>
<status status="PASS" starttime="20190727 16:26:23.536" endtime="20190727 16:26:25.849"></status>
</kw>
<kw name="Run Keyword If" library="BuiltIn">
<doc>Runs the given keyword with the given arguments, if ``condition`` is true.</doc>
<arguments>
<arg>"${status}"=="False"</arg>
<arg>log</arg>
<arg>seacrh result is null</arg>
<arg>ELSE</arg>
<arg>run keywords</arg>
<arg>Search Trucker On Admin Portal</arg>
<arg>${email}</arg>
<arg>AND</arg>
<arg>delete trucker on admin portal</arg>
<arg>${search_trucker_id}</arg>
</arguments>
<kw name="Log" library="BuiltIn">
<doc>Logs the given message with the given level.</doc>
<arguments>
<arg>seacrh result is null</arg>
</arguments>
<msg timestamp="20190727 16:26:25.864" level="INFO">seacrh result is null</msg>
<status status="PASS" starttime="20190727 16:26:25.864" endtime="20190727 16:26:25.864"></status>
</kw>
<status status="PASS" starttime="20190727 16:26:25.864" endtime="20190727 16:26:25.864"></status>
</kw>
<doc>Use the email to seach, then delete this test account</doc>
<status status="PASS" starttime="20190727 16:26:23.520" endtime="20190727 16:26:25.864" critical="yes"></status>
</test>
<status status="PASS" starttime="20190727 16:26:19.204" endtime="20190727 16:26:25.864"></status>
</suite>
<status status="PASS" starttime="20190727 16:26:04.048" endtime="20190727 16:26:25.864"></status>
</suite>
<status status="PASS" starttime="20190727 16:25:32.677" endtime="20190727 16:26:25.880"></status>
</suite>
<statistics>
<total>
<stat pass="7" fail="0">Critical Tests</stat>
<stat pass="7" fail="0">All Tests</stat>
</total>
<tag>
</tag>
<suite>
<stat pass="7" fail="0" id="s1" name="javaTestData">javaTestData</stat>
<stat pass="1" fail="0" id="s1-s1" name="createData">javaTestData.createData</stat>
<stat pass="1" fail="0" id="s1-s1-s1" name="createTender">javaTestData.createData.createTender</stat>
<stat pass="6" fail="0" id="s1-s2" name="deleteData">javaTestData.deleteData</stat>
<stat pass="3" fail="0" id="s1-s2-s1" name="deleteJob">javaTestData.deleteData.deleteJob</stat>
<stat pass="3" fail="0" id="s1-s2-s2" name="deleteUser">javaTestData.deleteData.deleteUser</stat>
</suite>
</statistics>
<errors>
</errors>
</robot>
